DCT: 36
DCT: 63
DCT: 67
DCT: 52
DCT: 54
DCT: 40
DCT: 73
DCT: 38
DCT: 69
DCT: 54
DCT: 49
DCT: 64
DCT: 51
DCT: 69
DCT: 31
DCT: 38
DCT: 49
DCT: 56
DCT: 67
DCT: 35
DCT: 57
DCT: 69
DCT: 40
DCT: 56
DCT: 60
DCT: 32
DCT: 70
DCT: 58
DCT: 50
DCT: 37
DCT: 51
DCT: 29
DCT: 33
DCT: 53
DCT: 43
DCT: 35
DCT: 33
DCT: 35
DCT: 39
DCT: 34
DCT: 31
DCT: 46
DCT: 53
DCT: 43
DCT: 48
--2024-09-11 21:34:03--  https://64.media.tumblr.com/038cf1dda7c9d7d88bf19df6dc7917d0/c1d6f24d6e9ecd42-4f/s1280x1920/a65433a52a08527a1802f0059f6bb880c3611b99.jpg
Resolving 64.media.tumblr.com (64.media.tumblr.com)... 192.0.77.3
Connecting to 64.media.tumblr.com (64.media.tumblr.com)|192.0.77.3|:443... connected.
HTTP request sent, awaiting response... 200 OK
Length: 178867 (175K) [image/jpeg]
Saving to: 'a65433a52a08527a1802f0059f6bb880c3611b99.jpg'

     0K .......... .......... .......... .......... .......... 28% 2.23M 0s
    50K .......... .......... .......... .......... .......... 57% 5.41M 0s
   100K .......... .......... .......... .......... .......... 85% 5.40M 0s
   150K .......... .......... ....                            100% 4.06M=0.05s

2024-09-11 21:34:03 (3.72 MB/s) - 'a65433a52a08527a1802f0059f6bb880c3611b99.jpg' saved [178867/178867]

--2024-09-11 21:34:03--  https://64.media.tumblr.com/eaa8631ba1ada8d96bcbe4bc51d52c75/c1d6f24d6e9ecd42-34/s1280x1920/942f94127099c784cd85aadd2a567bbb92078e30.jpg
Resolving 64.media.tumblr.com (64.media.tumblr.com)... 192.0.77.3
Connecting to 64.media.tumblr.com (64.media.tumblr.com)|192.0.77.3|:443... connected.
HTTP request sent, awaiting response... 200 OK
Length: 263376 (257K) [image/jpeg]
Saving to: '942f94127099c784cd85aadd2a567bbb92078e30.jpg'

     0K .......... .......... .......... .......... .......... 19% 2.12M 0s
    50K .......... .......... .......... .......... .......... 38% 5.91M 0s
   100K .......... .......... .......... .......... .......... 58% 5.47M 0s
   150K .......... .......... .......... .......... .......... 77% 5.15M 0s
   200K .......... .......... .......... .......... .......... 97% 7.89M 0s
   250K .......                                               100% 8.12M=0.06s

2024-09-11 21:34:04 (4.43 MB/s) - '942f94127099c784cd85aadd2a567bbb92078e30.jpg' saved [263376/263376]

--2024-09-11 21:34:04--  https://64.media.tumblr.com/fcf4edcff0450ac15a189caad05195f3/c1d6f24d6e9ecd42-22/s1280x1920/66f578c65aa1ffbaa103fc3eca68a65f3ce8f45a.jpg
Resolving 64.media.tumblr.com (64.media.tumblr.com)... 192.0.77.3
Connecting to 64.media.tumblr.com (64.media.tumblr.com)|192.0.77.3|:443... connected.
HTTP request sent, awaiting response... 200 OK
Length: 245873 (240K) [image/jpeg]
Saving to: '66f578c65aa1ffbaa103fc3eca68a65f3ce8f45a.jpg'

     0K .......... .......... .......... .......... .......... 20% 1.60M 0s
    50K .......... .......... .......... .......... .......... 41% 3.59M 0s
   100K .......... .......... .......... .......... .......... 62% 3.86M 0s
   150K .......... .......... .......... .......... .......... 83% 5.04M 0s
   200K .......... .......... .......... ..........           100% 7.31M=0.07s

2024-09-11 21:34:04 (3.26 MB/s) - '66f578c65aa1ffbaa103fc3eca68a65f3ce8f45a.jpg' saved [245873/245873]

--2024-09-11 21:34:04--  https://64.media.tumblr.com/379adbc8aa3dd84a93545e2f0f2d0e2d/c1d6f24d6e9ecd42-d3/s1280x1920/f655c2c1a23aee2fb23ff9f71d3ba8e5c1604fa1.jpg
Resolving 64.media.tumblr.com (64.media.tumblr.com)... 192.0.77.3
Connecting to 64.media.tumblr.com (64.media.tumblr.com)|192.0.77.3|:443... connected.
HTTP request sent, awaiting response... 200 OK
Length: 333353 (326K) [image/jpeg]
Saving to: 'f655c2c1a23aee2fb23ff9f71d3ba8e5c1604fa1.jpg'

     0K .......... .......... .......... .......... .......... 15% 2.67M 0s
    50K .......... .......... .......... .......... .......... 30% 9.51M 0s
   100K .......... .......... .......... .......... .......... 46% 7.60M 0s
   150K .......... .......... .......... .......... .......... 61% 10.8M 0s
   200K .......... .......... .......... .......... .......... 76% 10.3M 0s
   250K .......... .......... .......... .......... .......... 92% 25.7M 0s
   300K .......... .......... .....                           100% 22.7M=0.04s

2024-09-11 21:34:04 (7.55 MB/s) - 'f655c2c1a23aee2fb23ff9f71d3ba8e5c1604fa1.jpg' saved [333353/333353]

--2024-09-11 21:34:04--  https://64.media.tumblr.com/33f6bc2350e17a97779b2c81242d3fd2/c1d6f24d6e9ecd42-0d/s1280x1920/f7599e91267762950075eb2b96f80b59ccc358d8.jpg
Resolving 64.media.tumblr.com (64.media.tumblr.com)... 192.0.77.3
Connecting to 64.media.tumblr.com (64.media.tumblr.com)|192.0.77.3|:443... connected.
HTTP request sent, awaiting response... 200 OK
Length: 273372 (267K) [image/jpeg]
Saving to: 'f7599e91267762950075eb2b96f80b59ccc358d8.jpg'

     0K .......... .......... .......... .......... .......... 18% 2.43M 0s
    50K .......... .......... .......... .......... .......... 37% 5.48M 0s
   100K .......... .......... .......... .......... .......... 56% 8.08M 0s
   150K .......... .......... .......... .......... .......... 74% 5.98M 0s
   200K .......... .......... .......... .......... .......... 93% 8.60M 0s
   250K .......... ......                                     100% 9.55M=0.05s

2024-09-11 21:34:04 (5.15 MB/s) - 'f7599e91267762950075eb2b96f80b59ccc358d8.jpg' saved [273372/273372]

--2024-09-11 21:34:05--  https://64.media.tumblr.com/8f2b488a8c0d827bc4569339a4a84b91/c1d6f24d6e9ecd42-e4/s1280x1920/4294df4d8685af8322c5c11889035b50d34e6896.jpg
Resolving 64.media.tumblr.com (64.media.tumblr.com)... 192.0.77.3
Connecting to 64.media.tumblr.com (64.media.tumblr.com)|192.0.77.3|:443... connected.
HTTP request sent, awaiting response... 200 OK
Length: 290631 (284K) [image/jpeg]
Saving to: '4294df4d8685af8322c5c11889035b50d34e6896.jpg'

     0K .......... .......... .......... .......... .......... 17% 3.34M 0s
    50K .......... .......... .......... .......... .......... 35% 5.52M 0s
   100K .......... .......... .......... .......... .......... 52% 5.67M 0s
   150K .......... .......... .......... .......... .......... 70% 11.7M 0s
   200K .......... .......... .......... .......... .......... 88% 12.8M 0s
   250K .......... .......... .......... ...                  100% 18.2M=0.04s

2024-09-11 21:34:05 (6.61 MB/s) - '4294df4d8685af8322c5c11889035b50d34e6896.jpg' saved [290631/290631]

--2024-09-11 21:34:05--  https://64.media.tumblr.com/2b2f520c59d9fc33ff0597d80413e2d1/c1d6f24d6e9ecd42-a8/s1280x1920/b3ec7e865a6916b998be1bde2e0c2b43875384c2.jpg
Resolving 64.media.tumblr.com (64.media.tumblr.com)... 192.0.77.3
Connecting to 64.media.tumblr.com (64.media.tumblr.com)|192.0.77.3|:443... connected.
HTTP request sent, awaiting response... 200 OK
Length: 257919 (252K) [image/jpeg]
Saving to: 'b3ec7e865a6916b998be1bde2e0c2b43875384c2.jpg'

     0K .......... .......... .......... .......... .......... 19% 2.25M 0s
    50K .......... .......... .......... .......... .......... 39% 4.94M 0s
   100K .......... .......... .......... .......... .......... 59% 5.88M 0s
   150K .......... .......... .......... .......... .......... 79% 5.87M 0s
   200K .......... .......... .......... .......... .......... 99% 10.2M 0s
   250K .                                                     100% 35.7G=0.05s

2024-09-11 21:34:05 (4.64 MB/s) - 'b3ec7e865a6916b998be1bde2e0c2b43875384c2.jpg' saved [257919/257919]

--2024-09-11 21:34:05--  https://64.media.tumblr.com/eacc3be66a5b83f266f5defac2cb7aad/c1d6f24d6e9ecd42-52/s1280x1920/3ad40ad3e6a2ef3f43a36fc542e76165c9ee1e92.jpg
Resolving 64.media.tumblr.com (64.media.tumblr.com)... 192.0.77.3
Connecting to 64.media.tumblr.com (64.media.tumblr.com)|192.0.77.3|:443... connected.
HTTP request sent, awaiting response... 200 OK
Length: 267579 (261K) [image/jpeg]
Saving to: '3ad40ad3e6a2ef3f43a36fc542e76165c9ee1e92.jpg'

     0K .......... .......... .......... .......... .......... 19% 1.14M 0s
    50K .......... .......... .......... .......... .......... 38% 4.78M 0s
   100K .......... .......... .......... .......... .......... 57% 4.58M 0s
   150K .......... .......... .......... .......... .......... 76% 4.58M 0s
   200K .......... .......... .......... .......... .......... 95% 9.01M 0s
   250K .......... .                                          100% 15.2M=0.08s

2024-09-11 21:34:05 (3.18 MB/s) - '3ad40ad3e6a2ef3f43a36fc542e76165c9ee1e92.jpg' saved [267579/267579]

--2024-09-11 21:34:06--  https://64.media.tumblr.com/0551fc2e0b0d6a87dc70930ab15e3694/c1d6f24d6e9ecd42-b7/s1280x1920/be0ec250d099cb27835a503115d2aaf6da96ba30.jpg
Resolving 64.media.tumblr.com (64.media.tumblr.com)... 192.0.77.3
Connecting to 64.media.tumblr.com (64.media.tumblr.com)|192.0.77.3|:443... connected.
HTTP request sent, awaiting response... 200 OK
Length: 273728 (267K) [image/jpeg]
Saving to: 'be0ec250d099cb27835a503115d2aaf6da96ba30.jpg'

     0K .......... .......... .......... .......... .......... 18% 3.47M 0s
    50K .......... .......... .......... .......... .......... 37% 5.83M 0s
   100K .......... .......... .......... .......... .......... 56% 7.67M 0s
   150K .......... .......... .......... .......... .......... 74% 12.9M 0s
   200K .......... .......... .......... .......... .......... 93% 8.68M 0s
   250K .......... .......                                    100% 19.7M=0.04s

2024-09-11 21:34:06 (6.68 MB/s) - 'be0ec250d099cb27835a503115d2aaf6da96ba30.jpg' saved [273728/273728]

--2024-09-11 21:34:06--  https://64.media.tumblr.com/4217a409e12d73133e069ea502d3d5ad/c1d6f24d6e9ecd42-b8/s1280x1920/227412ecbcd22327d82b25bea67af65b97257ace.jpg
Resolving 64.media.tumblr.com (64.media.tumblr.com)... 192.0.77.3
Connecting to 64.media.tumblr.com (64.media.tumblr.com)|192.0.77.3|:443... connected.
HTTP request sent, awaiting response... 200 OK
Length: 337301 (329K) [image/jpeg]
Saving to: '227412ecbcd22327d82b25bea67af65b97257ace.jpg'

     0K .......... .......... .......... .......... .......... 15% 1.25M 0s
    50K .......... .......... .......... .......... .......... 30% 3.98M 0s
   100K .......... .......... .......... .......... .......... 45% 4.63M 0s
   150K .......... .......... .......... .......... .......... 60% 4.26M 0s
   200K .......... .......... .......... .......... .......... 75% 5.70M 0s
   250K .......... .......... .......... .......... .......... 91% 7.44M 0s
   300K .......... .......... .........                       100% 8.35M=0.09s

2024-09-11 21:34:06 (3.50 MB/s) - '227412ecbcd22327d82b25bea67af65b97257ace.jpg' saved [337301/337301]

--2024-09-11 21:34:06--  https://64.media.tumblr.com/bf67b93ab89564c66629b3da9c534198/c1d6f24d6e9ecd42-81/s1280x1920/5322b8f100e545c58ea9fac804d902d04f036b47.jpg
Resolving 64.media.tumblr.com (64.media.tumblr.com)... 192.0.77.3
Connecting to 64.media.tumblr.com (64.media.tumblr.com)|192.0.77.3|:443... connected.
HTTP request sent, awaiting response... 200 OK
Length: 257034 (251K) [image/jpeg]
Saving to: '5322b8f100e545c58ea9fac804d902d04f036b47.jpg'

     0K .......... .......... .......... .......... .......... 19% 1.72M 0s
    50K .......... .......... .......... .......... .......... 39% 6.34M 0s
   100K .......... .......... .......... .......... .......... 59% 4.82M 0s
   150K .......... .......... .......... .......... .......... 79% 6.11M 0s
   200K .......... .......... .......... .......... .......... 99% 7.48M 0s
   250K .                                                     100% 19.3G=0.06s

2024-09-11 21:34:06 (4.04 MB/s) - '5322b8f100e545c58ea9fac804d902d04f036b47.jpg' saved [257034/257034]

--2024-09-11 21:34:06--  https://64.media.tumblr.com/3dcb02f984d58fbd757357c269409187/c1d6f24d6e9ecd42-61/s1280x1920/950c70a1fdd6e48ad1fdf02d4c9671e28265aff7.jpg
Resolving 64.media.tumblr.com (64.media.tumblr.com)... 192.0.77.3
Connecting to 64.media.tumblr.com (64.media.tumblr.com)|192.0.77.3|:443... connected.
HTTP request sent, awaiting response... 200 OK
Length: 274832 (268K) [image/jpeg]
Saving to: '950c70a1fdd6e48ad1fdf02d4c9671e28265aff7.jpg'

     0K .......... .......... .......... .......... .......... 18% 2.82M 0s
    50K .......... .......... .......... .......... .......... 37% 9.83M 0s
   100K .......... .......... .......... .......... .......... 55% 5.10M 0s
   150K .......... .......... .......... .......... .......... 74% 6.97M 0s
   200K .......... .......... .......... .......... .......... 93% 17.2M 0s
   250K .......... ........                                   100% 10.6M=0.04s

2024-09-11 21:34:07 (6.04 MB/s) - '950c70a1fdd6e48ad1fdf02d4c9671e28265aff7.jpg' saved [274832/274832]

DCT: 33
DCT: 38
DCT: 30
DCT: 54
DCT: 46
DCT: 40
DCT: 38
DCT: 47
DCT: 61
DCT: 35
DCT: 77
DCT: 38
--2024-09-11 21:34:30--  https://64.media.tumblr.com/0b60247e2016b263f695300f6ea25c31/b62cd5211233e746-e7/s1280x1920/bda87d9f2be33252c7d95421e311031949abdaa1.jpg
Resolving 64.media.tumblr.com (64.media.tumblr.com)... 192.0.77.3
Connecting to 64.media.tumblr.com (64.media.tumblr.com)|192.0.77.3|:443... connected.
HTTP request sent, awaiting response... 200 OK
Length: 250592 (245K) [image/jpeg]
Saving to: 'bda87d9f2be33252c7d95421e311031949abdaa1.jpg'

     0K .......... .......... .......... .......... .......... 20% 3.56M 0s
    50K .......... .......... .......... .......... .......... 40% 5.43M 0s
   100K .......... .......... .......... .......... .......... 61% 7.18M 0s
   150K .......... .......... .......... .......... .......... 81% 16.3M 0s
   200K .......... .......... .......... .......... ....      100% 7.71M=0.04s

2024-09-11 21:34:30 (6.26 MB/s) - 'bda87d9f2be33252c7d95421e311031949abdaa1.jpg' saved [250592/250592]

--2024-09-11 21:34:30--  https://64.media.tumblr.com/5a90e00e2cc43be747d89e6228af9d03/b62cd5211233e746-f4/s1280x1920/10330436a077068753156084b8012181c73031d0.jpg
Resolving 64.media.tumblr.com (64.media.tumblr.com)... 192.0.77.3
Connecting to 64.media.tumblr.com (64.media.tumblr.com)|192.0.77.3|:443... connected.
HTTP request sent, awaiting response... 200 OK
Length: 321878 (314K) [image/jpeg]
Saving to: '10330436a077068753156084b8012181c73031d0.jpg'

     0K .......... .......... .......... .......... .......... 15% 1.98M 0s
    50K .......... .......... .......... .......... .......... 31% 5.08M 0s
   100K .......... .......... .......... .......... .......... 47% 5.91M 0s
   150K .......... .......... .......... .......... .......... 63% 8.61M 0s
   200K .......... .......... .......... .......... .......... 79% 9.17M 0s
   250K .......... .......... .......... .......... .......... 95% 10.2M 0s
   300K .......... ....                                       100% 27.8M=0.06s

2024-09-11 21:34:30 (5.22 MB/s) - '10330436a077068753156084b8012181c73031d0.jpg' saved [321878/321878]

--2024-09-11 21:34:30--  https://64.media.tumblr.com/6e0835fd378d909a827b7c6ad4571d71/b62cd5211233e746-e1/s1280x1920/1c904169d281133a9b786f620a2385fda0e245a1.jpg
Resolving 64.media.tumblr.com (64.media.tumblr.com)... 192.0.77.3
Connecting to 64.media.tumblr.com (64.media.tumblr.com)|192.0.77.3|:443... connected.
HTTP request sent, awaiting response... 200 OK
Length: 268333 (262K) [image/jpeg]
Saving to: '1c904169d281133a9b786f620a2385fda0e245a1.jpg'

     0K .......... .......... .......... .......... .......... 19% 3.40M 0s
    50K .......... .......... .......... .......... .......... 38% 5.95M 0s
   100K .......... .......... .......... .......... .......... 57% 7.58M 0s
   150K .......... .......... .......... .......... .......... 76% 17.9M 0s
   200K .......... .......... .......... .......... .......... 95% 7.48M 0s
   250K .......... ..                                         100% 28.8M=0.04s

2024-09-11 21:34:30 (6.62 MB/s) - '1c904169d281133a9b786f620a2385fda0e245a1.jpg' saved [268333/268333]

--2024-09-11 21:34:31--  https://64.media.tumblr.com/b23896af363905c4454ac55c1e249581/b62cd5211233e746-ff/s1280x1920/f33dc6127a435bd08ba365c4f6c2233eb07d6bf7.jpg
Resolving 64.media.tumblr.com (64.media.tumblr.com)... 192.0.77.3
Connecting to 64.media.tumblr.com (64.media.tumblr.com)|192.0.77.3|:443... connected.
HTTP request sent, awaiting response... 200 OK
Length: 293739 (287K) [image/jpeg]
Saving to: 'f33dc6127a435bd08ba365c4f6c2233eb07d6bf7.jpg'

     0K .......... .......... .......... .......... .......... 17% 2.48M 0s
    50K .......... .......... .......... .......... .......... 34% 20.6M 0s
   100K .......... .......... .......... .......... .......... 52% 8.72M 0s
   150K .......... .......... .......... .......... .......... 69% 13.4M 0s
   200K .......... .......... .......... .......... .......... 87% 8.92M 0s
   250K .......... .......... .......... ......               100% 27.8M=0.04s

2024-09-11 21:34:31 (7.36 MB/s) - 'f33dc6127a435bd08ba365c4f6c2233eb07d6bf7.jpg' saved [293739/293739]

--2024-09-11 21:34:31--  https://64.media.tumblr.com/184eebc346e7f2615df3a76235b33efd/b62cd5211233e746-0e/s1280x1920/bdd31c963161e6e46209e4e6f1ebac7a6820c957.jpg
Resolving 64.media.tumblr.com (64.media.tumblr.com)... 192.0.77.3
Connecting to 64.media.tumblr.com (64.media.tumblr.com)|192.0.77.3|:443... connected.
HTTP request sent, awaiting response... 200 OK
Length: 277226 (271K) [image/jpeg]
Saving to: 'bdd31c963161e6e46209e4e6f1ebac7a6820c957.jpg'

     0K .......... .......... .......... .......... .......... 18% 3.14M 0s
    50K .......... .......... .......... .......... .......... 36% 3.61M 0s
   100K .......... .......... .......... .......... .......... 55% 7.77M 0s
   150K .......... .......... .......... .......... .......... 73% 4.07M 0s
   200K .......... .......... .......... .......... .......... 92% 17.9M 0s
   250K .......... ..........                                 100% 17.5M=0.05s

2024-09-11 21:34:31 (5.16 MB/s) - 'bdd31c963161e6e46209e4e6f1ebac7a6820c957.jpg' saved [277226/277226]

--2024-09-11 21:34:31--  https://64.media.tumblr.com/90fe619f97c9b18c264b5a501797efe6/b62cd5211233e746-b7/s1280x1920/25af9569597cf2ae90e918c2a35bd8a80df892b9.jpg
Resolving 64.media.tumblr.com (64.media.tumblr.com)... 192.0.77.3
Connecting to 64.media.tumblr.com (64.media.tumblr.com)|192.0.77.3|:443... connected.
HTTP request sent, awaiting response... 200 OK
Length: 451316 (441K) [image/jpeg]
Saving to: '25af9569597cf2ae90e918c2a35bd8a80df892b9.jpg'

     0K .......... .......... .......... .......... .......... 11% 2.86M 0s
    50K .......... .......... .......... .......... .......... 22% 8.25M 0s
   100K .......... .......... .......... .......... .......... 34% 6.03M 0s
   150K .......... .......... .......... .......... .......... 45% 8.63M 0s
   200K .......... .......... .......... .......... .......... 56% 12.7M 0s
   250K .......... .......... .......... .......... .......... 68% 17.8M 0s
   300K .......... .......... .......... .......... .......... 79% 18.2M 0s
   350K .......... .......... .......... .......... .......... 90% 15.1M 0s
   400K .......... .......... .......... ..........           100% 16.1M=0.05s

2024-09-11 21:34:31 (8.32 MB/s) - '25af9569597cf2ae90e918c2a35bd8a80df892b9.jpg' saved [451316/451316]

--2024-09-11 21:34:32--  https://64.media.tumblr.com/1525e7d500fe1e9fcafbd4d4da36f7d3/b62cd5211233e746-e8/s1280x1920/79a7b312da870e6f80a36d6e192f9f11d5a4c334.jpg
Resolving 64.media.tumblr.com (64.media.tumblr.com)... 192.0.77.3
Connecting to 64.media.tumblr.com (64.media.tumblr.com)|192.0.77.3|:443... connected.
HTTP request sent, awaiting response... 200 OK
Length: 702753 (686K) [image/jpeg]
Saving to: '79a7b312da870e6f80a36d6e192f9f11d5a4c334.jpg'

     0K .......... .......... .......... .......... ..........  7% 2.75M 0s
    50K .......... .......... .......... .......... .......... 14% 9.17M 0s
   100K .......... .......... .......... .......... .......... 21% 3.52M 0s
   150K .......... .......... .......... .......... .......... 29% 10.1M 0s
   200K .......... .......... .......... .......... .......... 36% 12.9M 0s
   250K .......... .......... .......... .......... .......... 43% 21.1M 0s
   300K .......... .......... .......... .......... .......... 50% 23.1M 0s
   350K .......... .......... .......... .......... .......... 58% 9.18M 0s
   400K .......... .......... .......... .......... .......... 65% 11.9M 0s
   450K .......... .......... .......... .......... .......... 72% 6.83M 0s
   500K .......... .......... .......... .......... .......... 80% 21.0M 0s
   550K .......... .......... .......... .......... .......... 87% 25.0M 0s
   600K .......... .......... .......... .......... .......... 94% 9.69M 0s
   650K .......... .......... .......... ......               100% 6.80M=0.08s

2024-09-11 21:34:32 (8.26 MB/s) - '79a7b312da870e6f80a36d6e192f9f11d5a4c334.jpg' saved [702753/702753]

--2024-09-11 21:34:32--  https://64.media.tumblr.com/77af7e3fe99a577b57401d0f1f01133b/b62cd5211233e746-2e/s1280x1920/90a809237294d54a3116d0abaa25e00fa9b83d50.jpg
Resolving 64.media.tumblr.com (64.media.tumblr.com)... 192.0.77.3
Connecting to 64.media.tumblr.com (64.media.tumblr.com)|192.0.77.3|:443... connected.
HTTP request sent, awaiting response... 200 OK
Length: 345959 (338K) [image/jpeg]
Saving to: '90a809237294d54a3116d0abaa25e00fa9b83d50.jpg'

     0K .......... .......... .......... .......... .......... 14% 2.59M 0s
    50K .......... .......... .......... .......... .......... 29% 9.66M 0s
   100K .......... .......... .......... .......... .......... 44% 7.62M 0s
   150K .......... .......... .......... .......... .......... 59% 13.9M 0s
   200K .......... .......... .......... .......... .......... 73% 8.61M 0s
   250K .......... .......... .......... .......... .......... 88% 22.4M 0s
   300K .......... .......... .......... .......              100% 29.7M=0.04s

2024-09-11 21:34:32 (7.69 MB/s) - '90a809237294d54a3116d0abaa25e00fa9b83d50.jpg' saved [345959/345959]

--2024-09-11 21:34:32--  https://64.media.tumblr.com/1d1c2fe3643ee761fbe47700d9cda03c/b62cd5211233e746-9c/s1280x1920/05f94a480672a6be9a3dd47a6b7ba454fcbed156.jpg
Resolving 64.media.tumblr.com (64.media.tumblr.com)... 192.0.77.3
Connecting to 64.media.tumblr.com (64.media.tumblr.com)|192.0.77.3|:443... connected.
HTTP request sent, awaiting response... 200 OK
Length: 200303 (196K) [image/jpeg]
Saving to: '05f94a480672a6be9a3dd47a6b7ba454fcbed156.jpg'

     0K .......... .......... .......... .......... .......... 25% 3.47M 0s
    50K .......... .......... .......... .......... .......... 51% 5.62M 0s
   100K .......... .......... .......... .......... .......... 76% 7.50M 0s
   150K .......... .......... .......... .......... .....     100% 18.7M=0.03s

2024-09-11 21:34:32 (6.03 MB/s) - '05f94a480672a6be9a3dd47a6b7ba454fcbed156.jpg' saved [200303/200303]

--2024-09-11 21:34:32--  https://64.media.tumblr.com/b9730eacdc72efa03a3a93bead55eb81/b62cd5211233e746-9b/s1280x1920/4f1b2a69d76fb47e66b53e5822a5494fec01d525.jpg
Resolving 64.media.tumblr.com (64.media.tumblr.com)... 192.0.77.3
Connecting to 64.media.tumblr.com (64.media.tumblr.com)|192.0.77.3|:443... connected.
HTTP request sent, awaiting response... 200 OK
Length: 290208 (283K) [image/jpeg]
Saving to: '4f1b2a69d76fb47e66b53e5822a5494fec01d525.jpg'

     0K .......... .......... .......... .......... .......... 17% 2.70M 0s
    50K .......... .......... .......... .......... .......... 35% 7.52M 0s
   100K .......... .......... .......... .......... .......... 52% 7.59M 0s
   150K .......... .......... .......... .......... .......... 70% 10.2M 0s
   200K .......... .......... .......... .......... .......... 88% 15.0M 0s
   250K .......... .......... .......... ...                  100% 15.9M=0.04s

2024-09-11 21:34:33 (6.73 MB/s) - '4f1b2a69d76fb47e66b53e5822a5494fec01d525.jpg' saved [290208/290208]

--2024-09-11 21:34:33--  https://64.media.tumblr.com/6c78fa47d5c4139fecfc220b08270eaf/b62cd5211233e746-42/s1280x1920/91388fc1d38273c384c1939af90a38b9da56bf29.jpg
Resolving 64.media.tumblr.com (64.media.tumblr.com)... 192.0.77.3
Connecting to 64.media.tumblr.com (64.media.tumblr.com)|192.0.77.3|:443... connected.
HTTP request sent, awaiting response... 200 OK
Length: 241540 (236K) [image/jpeg]
Saving to: '91388fc1d38273c384c1939af90a38b9da56bf29.jpg'

     0K .......... .......... .......... .......... .......... 21% 2.97M 0s
    50K .......... .......... .......... .......... .......... 42% 10.6M 0s
   100K .......... .......... .......... .......... .......... 63% 7.08M 0s
   150K .......... .......... .......... .......... .......... 84% 13.8M 0s
   200K .......... .......... .......... .....                100% 23.4M=0.03s

2024-09-11 21:34:33 (6.98 MB/s) - '91388fc1d38273c384c1939af90a38b9da56bf29.jpg' saved [241540/241540]

--2024-09-11 21:34:33--  https://64.media.tumblr.com/fd1bb9d9fdc4239d110fe381c701fd76/b62cd5211233e746-e5/s1280x1920/c59cac828e39f52d6383db94165398a76527abbe.jpg
Resolving 64.media.tumblr.com (64.media.tumblr.com)... 192.0.77.3
Connecting to 64.media.tumblr.com (64.media.tumblr.com)|192.0.77.3|:443... connected.
HTTP request sent, awaiting response... 200 OK
Length: 417361 (408K) [image/jpeg]
Saving to: 'c59cac828e39f52d6383db94165398a76527abbe.jpg'

     0K .......... .......... .......... .......... .......... 12% 1.95M 0s
    50K .......... .......... .......... .......... .......... 24% 5.70M 0s
   100K .......... .......... .......... .......... .......... 36% 6.27M 0s
   150K .......... .......... .......... .......... .......... 49% 8.71M 0s
   200K .......... .......... .......... .......... .......... 61% 13.2M 0s
   250K .......... .......... .......... .......... .......... 73% 19.8M 0s
   300K .......... .......... .......... .......... .......... 85% 12.8M 0s
   350K .......... .......... .......... .......... .......... 98% 14.2M 0s
   400K .......                                               100% 19.3M=0.06s

2024-09-11 21:34:33 (6.54 MB/s) - 'c59cac828e39f52d6383db94165398a76527abbe.jpg' saved [417361/417361]

--2024-09-11 21:34:33--  https://64.media.tumblr.com/984dbba1b3d802d4fb9a7a56869caf5a/b62cd5211233e746-38/s1280x1920/e8eba8fcdec5907780a7cbb01148356ea6a2ce8b.jpg
Resolving 64.media.tumblr.com (64.media.tumblr.com)... 192.0.77.3
Connecting to 64.media.tumblr.com (64.media.tumblr.com)|192.0.77.3|:443... connected.
HTTP request sent, awaiting response... 200 OK
Length: 241866 (236K) [image/jpeg]
Saving to: 'e8eba8fcdec5907780a7cbb01148356ea6a2ce8b.jpg'

     0K .......... .......... .......... .......... .......... 21% 2.86M 0s
    50K .......... .......... .......... .......... .......... 42% 16.1M 0s
   100K .......... .......... .......... .......... .......... 63% 7.19M 0s
   150K .......... .......... .......... .......... .......... 84% 16.4M 0s
   200K .......... .......... .......... ......               100% 41.0M=0.03s

2024-09-11 21:34:33 (7.50 MB/s) - 'e8eba8fcdec5907780a7cbb01148356ea6a2ce8b.jpg' saved [241866/241866]

--2024-09-11 21:34:33--  https://64.media.tumblr.com/650caf926bcb0b8dd3f81373431d3911/b62cd5211233e746-8e/s1280x1920/fd0902ca9867188b51dff2c1e3e3c5671ded26ae.jpg
Resolving 64.media.tumblr.com (64.media.tumblr.com)... 192.0.77.3
Connecting to 64.media.tumblr.com (64.media.tumblr.com)|192.0.77.3|:443... connected.
HTTP request sent, awaiting response... 200 OK
Length: 368422 (360K) [image/jpeg]
Saving to: 'fd0902ca9867188b51dff2c1e3e3c5671ded26ae.jpg'

     0K .......... .......... .......... .......... .......... 13% 1.88M 0s
    50K .......... .......... .......... .......... .......... 27% 5.82M 0s
   100K .......... .......... .......... .......... .......... 41% 6.56M 0s
   150K .......... .......... .......... .......... .......... 55% 9.06M 0s
   200K .......... .......... .......... .......... .......... 69% 12.4M 0s
   250K .......... .......... .......... .......... .......... 83% 12.1M 0s
   300K .......... .......... .......... .......... .......... 97% 16.7M 0s
   350K .........                                             100% 28.3M=0.06s

2024-09-11 21:34:34 (6.01 MB/s) - 'fd0902ca9867188b51dff2c1e3e3c5671ded26ae.jpg' saved [368422/368422]

--2024-09-11 21:34:34--  https://64.media.tumblr.com/783d349c21f78b7ea5bc3ee40fa86165/b62cd5211233e746-68/s1280x1920/9aedfda59df693828bd856c388e9e457c0e5a721.jpg
Resolving 64.media.tumblr.com (64.media.tumblr.com)... 192.0.77.3
Connecting to 64.media.tumblr.com (64.media.tumblr.com)|192.0.77.3|:443... connected.
HTTP request sent, awaiting response... 200 OK
Length: 265390 (259K) [image/jpeg]
Saving to: '9aedfda59df693828bd856c388e9e457c0e5a721.jpg'

     0K .......... .......... .......... .......... .......... 19% 2.92M 0s
    50K .......... .......... .......... .......... .......... 38% 7.43M 0s
   100K .......... .......... .......... .......... .......... 57% 6.61M 0s
   150K .......... .......... .......... .......... .......... 77% 10.2M 0s
   200K .......... .......... .......... .......... .......... 96% 11.3M 0s
   250K .........                                             100% 23.0M=0.04s

2024-09-11 21:34:34 (6.30 MB/s) - '9aedfda59df693828bd856c388e9e457c0e5a721.jpg' saved [265390/265390]

--2024-09-11 21:34:34--  https://64.media.tumblr.com/c91ddbd3ddd0426c3977ebaad7767517/b62cd5211233e746-ec/s1280x1920/ff307b8301dd51a58c57658ec91d81a66aac1b3c.jpg
Resolving 64.media.tumblr.com (64.media.tumblr.com)... 192.0.77.3
Connecting to 64.media.tumblr.com (64.media.tumblr.com)|192.0.77.3|:443... connected.
HTTP request sent, awaiting response... 200 OK
Length: 219542 (214K) [image/jpeg]
Saving to: 'ff307b8301dd51a58c57658ec91d81a66aac1b3c.jpg'

     0K .......... .......... .......... .......... .......... 23% 3.52M 0s
    50K .......... .......... .......... .......... .......... 46% 5.25M 0s
   100K .......... .......... .......... .......... .......... 69% 9.39M 0s
   150K .......... .......... .......... .......... .......... 93% 14.7M 0s
   200K .......... ....                                       100% 32.5M=0.03s

2024-09-11 21:34:34 (6.52 MB/s) - 'ff307b8301dd51a58c57658ec91d81a66aac1b3c.jpg' saved [219542/219542]

--2024-09-11 21:34:34--  https://64.media.tumblr.com/873a42a940cba8ed7638d4d999c57c21/b62cd5211233e746-65/s1280x1920/26760c227d79901c65336c428f18364c13f7d913.jpg
Resolving 64.media.tumblr.com (64.media.tumblr.com)... 192.0.77.3
Connecting to 64.media.tumblr.com (64.media.tumblr.com)|192.0.77.3|:443... connected.
HTTP request sent, awaiting response... 200 OK
Length: 263798 (258K) [image/jpeg]
Saving to: '26760c227d79901c65336c428f18364c13f7d913.jpg'

     0K .......... .......... .......... .......... .......... 19% 1.62M 0s
    50K .......... .......... .......... .......... .......... 38% 5.29M 0s
   100K .......... .......... .......... .......... .......... 58% 6.71M 0s
   150K .......... .......... .......... .......... .......... 77% 7.60M 0s
   200K .......... .......... .......... .......... .......... 97% 53.6M 0s
   250K .......                                               100% 54.2M=0.05s

2024-09-11 21:34:34 (4.65 MB/s) - '26760c227d79901c65336c428f18364c13f7d913.jpg' saved [263798/263798]

--2024-09-11 21:34:35--  https://64.media.tumblr.com/6a399f30e794cd559cb5ffb12ded874e/b62cd5211233e746-65/s1280x1920/242dbf4105c95ffb79e859f44931bd212e412647.jpg
Resolving 64.media.tumblr.com (64.media.tumblr.com)... 192.0.77.3
Connecting to 64.media.tumblr.com (64.media.tumblr.com)|192.0.77.3|:443... connected.
HTTP request sent, awaiting response... 200 OK
Length: 231435 (226K) [image/jpeg]
Saving to: '242dbf4105c95ffb79e859f44931bd212e412647.jpg'

     0K .......... .......... .......... .......... .......... 22% 1.63M 0s
    50K .......... .......... .......... .......... .......... 44% 5.21M 0s
   100K .......... .......... .......... .......... .......... 66% 4.73M 0s
   150K .......... .......... .......... .......... .......... 88% 5.38M 0s
   200K .......... .......... ......                          100% 7.54M=0.06s

2024-09-11 21:34:35 (3.56 MB/s) - '242dbf4105c95ffb79e859f44931bd212e412647.jpg' saved [231435/231435]

DCT: 64
DCT: 45
DCT: 46
DCT: 38
DCT: 30
DCT: 35
DCT: 30
DCT: 38
DCT: 46
DCT: 67
DCT: 79
DCT: 58
DCT: 31
DCT: 58
DCT: 50
DCT: 35
DCT: 60
DCT: 35
--2024-09-11 21:35:08--  https://64.media.tumblr.com/e73d792d8d2852a8d3f8a5803e5e06da/b5fade9397547c06-20/s1280x1920/31d2d904c37728c5e4e4d9a4a0940cc8cd0e718f.jpg
Resolving 64.media.tumblr.com (64.media.tumblr.com)... 192.0.77.3
Connecting to 64.media.tumblr.com (64.media.tumblr.com)|192.0.77.3|:443... connected.
HTTP request sent, awaiting response... 200 OK
Length: 261869 (256K) [image/jpeg]
Saving to: '31d2d904c37728c5e4e4d9a4a0940cc8cd0e718f.jpg'

     0K .......... .......... .......... .......... .......... 19% 2.54M 0s
    50K .......... .......... .......... .......... .......... 39% 13.9M 0s
   100K .......... .......... .......... .......... .......... 58% 8.23M 0s
   150K .......... .......... .......... .......... .......... 78% 8.84M 0s
   200K .......... .......... .......... .......... .......... 97% 10.5M 0s
   250K .....                                                 100% 15.5M=0.04s

2024-09-11 21:35:08 (6.37 MB/s) - '31d2d904c37728c5e4e4d9a4a0940cc8cd0e718f.jpg' saved [261869/261869]

--2024-09-11 21:35:09--  https://64.media.tumblr.com/53610fdad179c2092157b2771abb1d49/b5fade9397547c06-b8/s1280x1920/b2a531270a9c03576424247e1a6e23f61a014d61.jpg
Resolving 64.media.tumblr.com (64.media.tumblr.com)... 192.0.77.3
Connecting to 64.media.tumblr.com (64.media.tumblr.com)|192.0.77.3|:443... connected.
HTTP request sent, awaiting response... 200 OK
Length: 306068 (299K) [image/jpeg]
Saving to: 'b2a531270a9c03576424247e1a6e23f61a014d61.jpg'

     0K .......... .......... .......... .......... .......... 16% 2.68M 0s
    50K .......... .......... .......... .......... .......... 33% 9.52M 0s
   100K .......... .......... .......... .......... .......... 50% 5.41M 0s
   150K .......... .......... .......... .......... .......... 66% 18.8M 0s
   200K .......... .......... .......... .......... .......... 83% 13.2M 0s
   250K .......... .......... .......... .......... ........  100% 14.0M=0.04s

2024-09-11 21:35:09 (6.94 MB/s) - 'b2a531270a9c03576424247e1a6e23f61a014d61.jpg' saved [306068/306068]

--2024-09-11 21:35:09--  https://64.media.tumblr.com/67bd6b11900c8c11cbcf56aa1c91f010/b5fade9397547c06-f1/s1280x1920/6eda05427ac4193f0c6a553ed7b9a511c6b81330.jpg
Resolving 64.media.tumblr.com (64.media.tumblr.com)... 192.0.77.3
Connecting to 64.media.tumblr.com (64.media.tumblr.com)|192.0.77.3|:443... connected.
HTTP request sent, awaiting response... 200 OK
Length: 812967 (794K) [image/jpeg]
Saving to: '6eda05427ac4193f0c6a553ed7b9a511c6b81330.jpg'

     0K .......... .......... .......... .......... ..........  6% 1.27M 1s
    50K .......... .......... .......... .......... .......... 12% 8.13M 0s
   100K .......... .......... .......... .......... .......... 18% 8.73M 0s
   150K .......... .......... .......... .......... .......... 25% 9.00M 0s
   200K .......... .......... .......... .......... .......... 31% 14.0M 0s
   250K .......... .......... .......... .......... .......... 37% 19.6M 0s
   300K .......... .......... .......... .......... .......... 44% 16.7M 0s
   350K .......... .......... .......... .......... .......... 50% 17.3M 0s
   400K .......... .......... .......... .......... .......... 56% 28.0M 0s
   450K .......... .......... .......... .......... .......... 62% 48.0M 0s
   500K .......... .......... .......... .......... .......... 69% 45.2M 0s
   550K .......... .......... .......... .......... .......... 75% 42.8M 0s
   600K .......... .......... .......... .......... .......... 81% 50.8M 0s
   650K .......... .......... .......... .......... .......... 88% 52.5M 0s
   700K .......... .......... .......... .......... .......... 94% 34.9M 0s
   750K .......... .......... .......... .......... ...       100% 26.7M=0.08s

2024-09-11 21:35:09 (10.0 MB/s) - '6eda05427ac4193f0c6a553ed7b9a511c6b81330.jpg' saved [812967/812967]

--2024-09-11 21:35:09--  https://64.media.tumblr.com/e53ce20b18eededd13b13f71f47ab065/b5fade9397547c06-e6/s1280x1920/4af7cf2b5144ff61fe327d47f1ff3454d854d1bb.jpg
Resolving 64.media.tumblr.com (64.media.tumblr.com)... 192.0.77.3
Connecting to 64.media.tumblr.com (64.media.tumblr.com)|192.0.77.3|:443... connected.
HTTP request sent, awaiting response... 200 OK
Length: 644755 (630K) [image/jpeg]
Saving to: '4af7cf2b5144ff61fe327d47f1ff3454d854d1bb.jpg'

     0K .......... .......... .......... .......... ..........  7% 3.65M 0s
    50K .......... .......... .......... .......... .......... 15% 5.56M 0s
   100K .......... .......... .......... .......... .......... 23% 7.58M 0s
   150K .......... .......... .......... .......... .......... 31% 18.9M 0s
   200K .......... .......... .......... .......... .......... 39% 7.27M 0s
   250K .......... .......... .......... .......... .......... 47% 26.2M 0s
   300K .......... .......... .......... .......... .......... 55% 27.7M 0s
   350K .......... .......... .......... .......... .......... 63% 21.2M 0s
   400K .......... .......... .......... .......... .......... 71% 12.2M 0s
   450K .......... .......... .......... .......... .......... 79% 38.8M 0s
   500K .......... .......... .......... .......... .......... 87% 25.8M 0s
   550K .......... .......... .......... .......... .......... 95% 23.6M 0s
   600K .......... .......... .........                       100% 48.9M=0.05s

2024-09-11 21:35:09 (11.5 MB/s) - '4af7cf2b5144ff61fe327d47f1ff3454d854d1bb.jpg' saved [644755/644755]

--2024-09-11 21:35:10--  https://64.media.tumblr.com/bb1f9bf5911e2080b6c5618e8c2d1247/b5fade9397547c06-c4/s1280x1920/0e9c650782a6f3398b280b83f464f225c2514aa9.jpg
Resolving 64.media.tumblr.com (64.media.tumblr.com)... 192.0.77.3
Connecting to 64.media.tumblr.com (64.media.tumblr.com)|192.0.77.3|:443... connected.
HTTP request sent, awaiting response... 200 OK
Length: 381111 (372K) [image/jpeg]
Saving to: '0e9c650782a6f3398b280b83f464f225c2514aa9.jpg'

     0K .......... .......... .......... .......... .......... 13% 2.64M 0s
    50K .......... .......... .......... .......... .......... 26% 8.78M 0s
   100K .......... .......... .......... .......... .......... 40% 7.16M 0s
   150K .......... .......... .......... .......... .......... 53% 7.37M 0s
   200K .......... .......... .......... .......... .......... 67% 11.9M 0s
   250K .......... .......... .......... .......... .......... 80% 11.8M 0s
   300K .......... .......... .......... .......... .......... 94% 17.4M 0s
   350K .......... .......... ..                              100% 13.9M=0.05s

2024-09-11 21:35:10 (7.25 MB/s) - '0e9c650782a6f3398b280b83f464f225c2514aa9.jpg' saved [381111/381111]

--2024-09-11 21:35:10--  https://64.media.tumblr.com/bf92913478da972309c5fa4fb356c598/b5fade9397547c06-ab/s1280x1920/692fb22563d8eb938647aef5736c00fb111f4bea.jpg
Resolving 64.media.tumblr.com (64.media.tumblr.com)... 192.0.77.3
Connecting to 64.media.tumblr.com (64.media.tumblr.com)|192.0.77.3|:443... connected.
HTTP request sent, awaiting response... 200 OK
Length: 440204 (430K) [image/jpeg]
Saving to: '692fb22563d8eb938647aef5736c00fb111f4bea.jpg'

     0K .......... .......... .......... .......... .......... 11% 1.04M 0s
    50K .......... .......... .......... .......... .......... 23% 3.64M 0s
   100K .......... .......... .......... .......... .......... 34% 4.38M 0s
   150K .......... .......... .......... .......... .......... 46% 3.87M 0s
   200K .......... .......... .......... .......... .......... 58% 6.67M 0s
   250K .......... .......... .......... .......... .......... 69% 5.85M 0s
   300K .......... .......... .......... .......... .......... 81% 6.14M 0s
   350K .......... .......... .......... .......... .......... 93% 9.82M 0s
   400K .......... .......... .........                       100% 11.2M=0.1s

2024-09-11 21:35:10 (3.64 MB/s) - '692fb22563d8eb938647aef5736c00fb111f4bea.jpg' saved [440204/440204]

--2024-09-11 21:35:10--  https://64.media.tumblr.com/2d6102679ae17ac8620f7de601c5467b/b5fade9397547c06-75/s1280x1920/12f418fc436f20ce25096c06f132d86d11592a61.jpg
Resolving 64.media.tumblr.com (64.media.tumblr.com)... 192.0.77.3
Connecting to 64.media.tumblr.com (64.media.tumblr.com)|192.0.77.3|:443... connected.
HTTP request sent, awaiting response... 200 OK
Length: 452920 (442K) [image/jpeg]
Saving to: '12f418fc436f20ce25096c06f132d86d11592a61.jpg'

     0K .......... .......... .......... .......... .......... 11% 2.15M 0s
    50K .......... .......... .......... .......... .......... 22% 8.59M 0s
   100K .......... .......... .......... .......... .......... 33% 10.0M 0s
   150K .......... .......... .......... .......... .......... 45% 7.78M 0s
   200K .......... .......... .......... .......... .......... 56% 35.7M 0s
   250K .......... .......... .......... .......... .......... 67% 60.7M 0s
   300K .......... .......... .......... .......... .......... 79% 15.9M 0s
   350K .......... .......... .......... .......... .......... 90% 21.6M 0s
   400K .......... .......... .......... .......... ..        100% 40.1M=0.05s

2024-09-11 21:35:10 (8.98 MB/s) - '12f418fc436f20ce25096c06f132d86d11592a61.jpg' saved [452920/452920]

--2024-09-11 21:35:11--  https://64.media.tumblr.com/1a95c6d32c6878a7dfae22a7fd892512/b5fade9397547c06-23/s1280x1920/e0dd2ac2fc24401653c8909682f95406ae476728.jpg
Resolving 64.media.tumblr.com (64.media.tumblr.com)... 192.0.77.3
Connecting to 64.media.tumblr.com (64.media.tumblr.com)|192.0.77.3|:443... connected.
HTTP request sent, awaiting response... 200 OK
Length: 504559 (493K) [image/jpeg]
Saving to: 'e0dd2ac2fc24401653c8909682f95406ae476728.jpg'

     0K .......... .......... .......... .......... .......... 10% 1.68M 0s
    50K .......... .......... .......... .......... .......... 20% 5.49M 0s
   100K .......... .......... .......... .......... .......... 30% 6.59M 0s
   150K .......... .......... .......... .......... .......... 40% 7.06M 0s
   200K .......... .......... .......... .......... .......... 50% 8.85M 0s
   250K .......... .......... .......... .......... .......... 60% 9.05M 0s
   300K .......... .......... .......... .......... .......... 71% 11.3M 0s
   350K .......... .......... .......... .......... .......... 81% 8.28M 0s
   400K .......... .......... .......... .......... .......... 91% 9.10M 0s
   450K .......... .......... .......... .......... ..        100% 9.63M=0.08s

2024-09-11 21:35:11 (5.79 MB/s) - 'e0dd2ac2fc24401653c8909682f95406ae476728.jpg' saved [504559/504559]

--2024-09-11 21:35:11--  https://64.media.tumblr.com/7dedd294bdf4ca5776024b2608976908/b5fade9397547c06-6a/s1280x1920/f39677aa6dd269b7ae2a21c58a46ecf61d29ecb2.jpg
Resolving 64.media.tumblr.com (64.media.tumblr.com)... 192.0.77.3
Connecting to 64.media.tumblr.com (64.media.tumblr.com)|192.0.77.3|:443... connected.
HTTP request sent, awaiting response... 200 OK
Length: 711345 (695K) [image/jpeg]
Saving to: 'f39677aa6dd269b7ae2a21c58a46ecf61d29ecb2.jpg'

     0K .......... .......... .......... .......... ..........  7% 2.60M 0s
    50K .......... .......... .......... .......... .......... 14% 6.79M 0s
   100K .......... .......... .......... .......... .......... 21% 11.0M 0s
   150K .......... .......... .......... .......... .......... 28% 9.46M 0s
   200K .......... .......... .......... .......... .......... 35% 12.0M 0s
   250K .......... .......... .......... .......... .......... 43% 13.9M 0s
   300K .......... .......... .......... .......... .......... 50% 16.9M 0s
   350K .......... .......... .......... .......... .......... 57% 19.8M 0s
   400K .......... .......... .......... .......... .......... 64% 23.0M 0s
   450K .......... .......... .......... .......... .......... 71% 15.9M 0s
   500K .......... .......... .......... .......... .......... 79% 16.1M 0s
   550K .......... .......... .......... .......... .......... 86% 14.2M 0s
   600K .......... .......... .......... .......... .......... 93% 13.9M 0s
   650K .......... .......... .......... .......... ....      100% 14.9M=0.07s

2024-09-11 21:35:11 (10.2 MB/s) - 'f39677aa6dd269b7ae2a21c58a46ecf61d29ecb2.jpg' saved [711345/711345]

--2024-09-11 21:35:11--  https://64.media.tumblr.com/595f27ac6b6312ed0ecf4c3534505838/b5fade9397547c06-dc/s1280x1920/a87273d0c29398aecca1ce55194a7974998cedef.jpg
Resolving 64.media.tumblr.com (64.media.tumblr.com)... 192.0.77.3
Connecting to 64.media.tumblr.com (64.media.tumblr.com)|192.0.77.3|:443... connected.
HTTP request sent, awaiting response... 200 OK
Length: 731025 (714K) [image/jpeg]
Saving to: 'a87273d0c29398aecca1ce55194a7974998cedef.jpg'

     0K .......... .......... .......... .......... ..........  7% 1.60M 0s
    50K .......... .......... .......... .......... .......... 14% 4.28M 0s
   100K .......... .......... .......... .......... .......... 21% 4.16M 0s
   150K .......... .......... .......... .......... .......... 28% 3.96M 0s
   200K .......... .......... .......... .......... .......... 35% 8.22M 0s
   250K .......... .......... .......... .......... .......... 42% 7.77M 0s
   300K .......... .......... .......... .......... .......... 49% 8.38M 0s
   350K .......... .......... .......... .......... .......... 56% 8.64M 0s
   400K .......... .......... .......... .......... .......... 63% 11.3M 0s
   450K .......... .......... .......... .......... .......... 70% 7.86M 0s
   500K .......... .......... .......... .......... .......... 77% 9.40M 0s
   550K .......... .......... .......... .......... .......... 84% 9.41M 0s
   600K .......... .......... .......... .......... .......... 91% 10.2M 0s
   650K .......... .......... .......... .......... .......... 98% 10.7M 0s
   700K .......... ...                                        100% 16.2M=0.1s

2024-09-11 21:35:11 (5.77 MB/s) - 'a87273d0c29398aecca1ce55194a7974998cedef.jpg' saved [731025/731025]

--2024-09-11 21:35:12--  https://64.media.tumblr.com/da65477e83f468d331654187dfb50da1/b5fade9397547c06-55/s1280x1920/1fc880d7cb141771ca1dc6f3d028916e892d8424.jpg
Resolving 64.media.tumblr.com (64.media.tumblr.com)... 192.0.77.3
Connecting to 64.media.tumblr.com (64.media.tumblr.com)|192.0.77.3|:443... connected.
HTTP request sent, awaiting response... 200 OK
Length: 674311 (659K) [image/jpeg]
Saving to: '1fc880d7cb141771ca1dc6f3d028916e892d8424.jpg'

     0K .......... .......... .......... .......... ..........  7% 3.92M 0s
    50K .......... .......... .......... .......... .......... 15% 5.70M 0s
   100K .......... .......... .......... .......... .......... 22% 7.23M 0s
   150K .......... .......... .......... .......... .......... 30% 15.1M 0s
   200K .......... .......... .......... .......... .......... 37% 8.03M 0s
   250K .......... .......... .......... .......... .......... 45% 27.8M 0s
   300K .......... .......... .......... .......... .......... 53% 32.0M 0s
   350K .......... .......... .......... .......... .......... 60% 22.9M 0s
   400K .......... .......... .......... .......... .......... 68% 9.34M 0s
   450K .......... .......... .......... .......... .......... 75% 28.9M 0s
   500K .......... .......... .......... .......... .......... 83% 28.0M 0s
   550K .......... .......... .......... .......... .......... 91% 26.2M 0s
   600K .......... .......... .......... .......... .......... 98% 39.9M 0s
   650K ........                                              100% 44.7M=0.05s

2024-09-11 21:35:12 (11.8 MB/s) - '1fc880d7cb141771ca1dc6f3d028916e892d8424.jpg' saved [674311/674311]

--2024-09-11 21:35:12--  https://64.media.tumblr.com/8ff521654182c2cd8b1b6b23fd0ce9ed/b5fade9397547c06-e8/s1280x1920/956020085cd308f32a4e3287b1752e25f7ad7b05.jpg
Resolving 64.media.tumblr.com (64.media.tumblr.com)... 192.0.77.3
Connecting to 64.media.tumblr.com (64.media.tumblr.com)|192.0.77.3|:443... connected.
HTTP request sent, awaiting response... 200 OK
Length: 1116604 (1.1M) [image/jpeg]
Saving to: '956020085cd308f32a4e3287b1752e25f7ad7b05.jpg'

     0K .......... .......... .......... .......... ..........  4% 1.85M 1s
    50K .......... .......... .......... .......... ..........  9% 3.95M 0s
   100K .......... .......... .......... .......... .......... 13% 4.69M 0s
   150K .......... .......... .......... .......... .......... 18% 4.20M 0s
   200K .......... .......... .......... .......... .......... 22% 6.59M 0s
   250K .......... .......... .......... .......... .......... 27% 7.28M 0s
   300K .......... .......... .......... .......... .......... 32% 8.55M 0s
   350K .......... .......... .......... .......... .......... 36% 7.48M 0s
   400K .......... .......... .......... .......... .......... 41% 9.04M 0s
   450K .......... .......... .......... .......... .......... 45% 9.35M 0s
   500K .......... .......... .......... .......... .......... 50% 9.15M 0s
   550K .......... .......... .......... .......... .......... 55% 8.94M 0s
   600K .......... .......... .......... .......... .......... 59% 9.34M 0s
   650K .......... .......... .......... .......... .......... 64% 9.33M 0s
   700K .......... .......... .......... .......... .......... 68% 10.2M 0s
   750K .......... .......... .......... .......... .......... 73% 7.95M 0s
   800K .......... .......... .......... .......... .......... 77% 9.24M 0s
   850K .......... .......... .......... .......... .......... 82% 11.3M 0s
   900K .......... .......... .......... .......... .......... 87% 11.9M 0s
   950K .......... .......... .......... .......... .......... 91% 10.2M 0s
  1000K .......... .......... .......... .......... .......... 96% 11.6M 0s
  1050K .......... .......... .......... ..........           100% 13.0M=0.2s

2024-09-11 21:35:12 (6.84 MB/s) - '956020085cd308f32a4e3287b1752e25f7ad7b05.jpg' saved [1116604/1116604]

--2024-09-11 21:35:12--  https://64.media.tumblr.com/3abb4b9f2fca70bbfc61b15451d5a48f/b5fade9397547c06-a2/s1280x1920/5cc03dbcae559477bd1def85e7e6cb35293a3699.jpg
Resolving 64.media.tumblr.com (64.media.tumblr.com)... 192.0.77.3
Connecting to 64.media.tumblr.com (64.media.tumblr.com)|192.0.77.3|:443... connected.
HTTP request sent, awaiting response... 200 OK
Length: 1247061 (1.2M) [image/jpeg]
Saving to: '5cc03dbcae559477bd1def85e7e6cb35293a3699.jpg'

     0K .......... .......... .......... .......... ..........  4% 2.16M 1s
    50K .......... .......... .......... .......... ..........  8% 4.36M 0s
   100K .......... .......... .......... .......... .......... 12% 5.56M 0s
   150K .......... .......... .......... .......... .......... 16% 6.22M 0s
   200K .......... .......... .......... .......... .......... 20% 13.0M 0s
   250K .......... .......... .......... .......... .......... 24% 7.92M 0s
   300K .......... .......... .......... .......... .......... 28% 13.3M 0s
   350K .......... .......... .......... .......... .......... 32% 12.8M 0s
   400K .......... .......... .......... .......... .......... 36% 12.8M 0s
   450K .......... .......... .......... .......... .......... 41% 10.7M 0s
   500K .......... .......... .......... .......... .......... 45% 13.1M 0s
   550K .......... .......... .......... .......... .......... 49% 9.87M 0s
   600K .......... .......... .......... .......... .......... 53% 11.2M 0s
   650K .......... .......... .......... .......... .......... 57% 10.0M 0s
   700K .......... .......... .......... .......... .......... 61% 11.6M 0s
   750K .......... .......... .......... .......... .......... 65% 10.1M 0s
   800K .......... .......... .......... .......... .......... 69% 15.4M 0s
   850K .......... .......... .......... .......... .......... 73% 16.9M 0s
   900K .......... .......... .......... .......... .......... 78% 14.3M 0s
   950K .......... .......... .......... .......... .......... 82% 11.7M 0s
  1000K .......... .......... .......... .......... .......... 86% 15.6M 0s
  1050K .......... .......... .......... .......... .......... 90% 15.5M 0s
  1100K .......... .......... .......... .......... .......... 94% 15.1M 0s
  1150K .......... .......... .......... .......... .......... 98% 11.4M 0s
  1200K .......... .......                                    100% 14.7M=0.1s

2024-09-11 21:35:12 (9.03 MB/s) - '5cc03dbcae559477bd1def85e7e6cb35293a3699.jpg' saved [1247061/1247061]

--2024-09-11 21:35:14--  https://64.media.tumblr.com/abb97d9690cfde0c4e4d82d72dc57437/b5fade9397547c06-73/s1280x1920/88d37e21d439c99e5098ff0d44a1bfc6e947eceb.jpg
Resolving 64.media.tumblr.com (64.media.tumblr.com)... 192.0.77.3
Connecting to 64.media.tumblr.com (64.media.tumblr.com)|192.0.77.3|:443... connected.
HTTP request sent, awaiting response... 200 OK
Length: 391150 (382K) [image/jpeg]
Saving to: '88d37e21d439c99e5098ff0d44a1bfc6e947eceb.jpg'

     0K .......... .......... .......... .......... .......... 13% 1.56M 0s
    50K .......... .......... .......... .......... .......... 26% 3.91M 0s
   100K .......... .......... .......... .......... .......... 39% 3.43M 0s
   150K .......... .......... .......... .......... .......... 52% 3.29M 0s
   200K .......... .......... .......... .......... .......... 65% 6.27M 0s
   250K .......... .......... .......... .......... .......... 78% 7.39M 0s
   300K .......... .......... .......... .......... .......... 91% 8.87M 0s
   350K .......... .......... .......... .                    100% 7.84M=0.1s

2024-09-11 21:35:14 (3.86 MB/s) - '88d37e21d439c99e5098ff0d44a1bfc6e947eceb.jpg' saved [391150/391150]

--2024-09-11 21:35:14--  https://64.media.tumblr.com/54a3038c5592cf8b72f2581c1344cf12/b5fade9397547c06-f0/s1280x1920/2b7dfe1293ec04074f16b31f6852d12f7f179ce6.jpg
Resolving 64.media.tumblr.com (64.media.tumblr.com)... 192.0.77.3
Connecting to 64.media.tumblr.com (64.media.tumblr.com)|192.0.77.3|:443... connected.
HTTP request sent, awaiting response... 200 OK
Length: 1141204 (1.1M) [image/jpeg]
Saving to: '2b7dfe1293ec04074f16b31f6852d12f7f179ce6.jpg'

     0K .......... .......... .......... .......... ..........  4% 2.65M 0s
    50K .......... .......... .......... .......... ..........  8% 8.04M 0s
   100K .......... .......... .......... .......... .......... 13% 6.63M 0s
   150K .......... .......... .......... .......... .......... 17% 7.14M 0s
   200K .......... .......... .......... .......... .......... 22% 14.0M 0s
   250K .......... .......... .......... .......... .......... 26% 19.8M 0s
   300K .......... .......... .......... .......... .......... 31% 36.4M 0s
   350K .......... .......... .......... .......... .......... 35% 36.7M 0s
   400K .......... .......... .......... .......... .......... 40% 51.4M 0s
   450K .......... .......... .......... .......... .......... 44% 32.6M 0s
   500K .......... .......... .......... .......... .......... 49% 24.8M 0s
   550K .......... .......... .......... .......... .......... 53% 30.8M 0s
   600K .......... .......... .......... .......... .......... 58% 30.3M 0s
   650K .......... .......... .......... .......... .......... 62% 29.7M 0s
   700K .......... .......... .......... .......... .......... 67% 24.1M 0s
   750K .......... .......... .......... .......... .......... 71% 29.1M 0s
   800K .......... .......... .......... .......... .......... 76% 35.1M 0s
   850K .......... .......... .......... .......... .......... 80% 32.4M 0s
   900K .......... .......... .......... .......... .......... 85% 27.3M 0s
   950K .......... .......... .......... .......... .......... 89% 30.2M 0s
  1000K .......... .......... .......... .......... .......... 94% 28.7M 0s
  1050K .......... .......... .......... .......... .......... 98% 31.0M 0s
  1100K .......... ....                                       100%  107M=0.07s

2024-09-11 21:35:14 (15.6 MB/s) - '2b7dfe1293ec04074f16b31f6852d12f7f179ce6.jpg' saved [1141204/1141204]

--2024-09-11 21:35:15--  https://64.media.tumblr.com/547d4c23718c43d87a0cb3124259cf3a/b5fade9397547c06-f4/s1280x1920/fdc0663076938a779e5294f8e0f8e24c61c6dc9b.jpg
Resolving 64.media.tumblr.com (64.media.tumblr.com)... 192.0.77.3
Connecting to 64.media.tumblr.com (64.media.tumblr.com)|192.0.77.3|:443... connected.
HTTP request sent, awaiting response... 200 OK
Length: 437350 (427K) [image/jpeg]
Saving to: 'fdc0663076938a779e5294f8e0f8e24c61c6dc9b.jpg'

     0K .......... .......... .......... .......... .......... 11% 3.62M 0s
    50K .......... .......... .......... .......... .......... 23% 3.38M 0s
   100K .......... .......... .......... .......... .......... 35% 6.14M 0s
   150K .......... .......... .......... .......... .......... 46% 8.47M 0s
   200K .......... .......... .......... .......... .......... 58% 8.70M 0s
   250K .......... .......... .......... .......... .......... 70% 25.4M 0s
   300K .......... .......... .......... .......... .......... 81% 26.1M 0s
   350K .......... .......... .......... .......... .......... 93% 9.17M 0s
   400K .......... .......... .......                         100% 23.4M=0.06s

2024-09-11 21:35:15 (7.26 MB/s) - 'fdc0663076938a779e5294f8e0f8e24c61c6dc9b.jpg' saved [437350/437350]

--2024-09-11 21:35:15--  https://64.media.tumblr.com/5432f15cba418471fadad796765ad57e/b5fade9397547c06-16/s1280x1920/579b557015010041233e11d92e0bbb7ba83f06c7.jpg
Resolving 64.media.tumblr.com (64.media.tumblr.com)... 192.0.77.3
Connecting to 64.media.tumblr.com (64.media.tumblr.com)|192.0.77.3|:443... connected.
HTTP request sent, awaiting response... 200 OK
Length: 451238 (441K) [image/jpeg]
Saving to: '579b557015010041233e11d92e0bbb7ba83f06c7.jpg'

     0K .......... .......... .......... .......... .......... 11% 1.48M 0s
    50K .......... .......... .......... .......... .......... 22% 3.10M 0s
   100K .......... .......... .......... .......... .......... 34% 3.71M 0s
   150K .......... .......... .......... .......... .......... 45% 3.48M 0s
   200K .......... .......... .......... .......... .......... 56% 7.60M 0s
   250K .......... .......... .......... .......... .......... 68% 7.32M 0s
   300K .......... .......... .......... .......... .......... 79% 6.77M 0s
   350K .......... .......... .......... .......... .......... 90% 7.21M 0s
   400K .......... .......... .......... ..........           100% 7.31M=0.1s

2024-09-11 21:35:15 (3.97 MB/s) - '579b557015010041233e11d92e0bbb7ba83f06c7.jpg' saved [451238/451238]

--2024-09-11 21:35:16--  https://64.media.tumblr.com/31bf99e81f7c990275c2e24556103354/b5fade9397547c06-f9/s1280x1920/f9aa6c4ba94883d03cbcf47700417e434ace3053.jpg
Resolving 64.media.tumblr.com (64.media.tumblr.com)... 192.0.77.3
Connecting to 64.media.tumblr.com (64.media.tumblr.com)|192.0.77.3|:443... connected.
HTTP request sent, awaiting response... 200 OK
Length: 278478 (272K) [image/jpeg]
Saving to: 'f9aa6c4ba94883d03cbcf47700417e434ace3053.jpg'

     0K .......... .......... .......... .......... .......... 18% 2.10M 0s
    50K .......... .......... .......... .......... .......... 36% 9.24M 0s
   100K .......... .......... .......... .......... .......... 55% 17.4M 0s
   150K .......... .......... .......... .......... .......... 73% 18.3M 0s
   200K .......... .......... .......... .......... .......... 91% 11.5M 0s
   250K .......... .......... .                               100% 13.8M=0.04s

2024-09-11 21:35:16 (6.67 MB/s) - 'f9aa6c4ba94883d03cbcf47700417e434ace3053.jpg' saved [278478/278478]

--2024-09-11 21:35:16--  https://64.media.tumblr.com/57846398487df459603acbdc42bd234b/b5fade9397547c06-78/s1280x1920/869689dfc8d794c4d8b353105cbed17cbe027161.jpg
Resolving 64.media.tumblr.com (64.media.tumblr.com)... 192.0.77.3
Connecting to 64.media.tumblr.com (64.media.tumblr.com)|192.0.77.3|:443... connected.
HTTP request sent, awaiting response... 200 OK
Length: 423097 (413K) [image/jpeg]
Saving to: '869689dfc8d794c4d8b353105cbed17cbe027161.jpg'

     0K .......... .......... .......... .......... .......... 12% 3.22M 0s
    50K .......... .......... .......... .......... .......... 24% 6.25M 0s
   100K .......... .......... .......... .......... .......... 36% 6.93M 0s
   150K .......... .......... .......... .......... .......... 48% 6.55M 0s
   200K .......... .......... .......... .......... .......... 60% 22.8M 0s
   250K .......... .......... .......... .......... .......... 72% 18.5M 0s
   300K .......... .......... .......... .......... .......... 84% 27.3M 0s
   350K .......... .......... .......... .......... .......... 96% 9.49M 0s
   400K .......... ...                                        100% 42.3M=0.05s

2024-09-11 21:35:16 (8.15 MB/s) - '869689dfc8d794c4d8b353105cbed17cbe027161.jpg' saved [423097/423097]

--2024-09-11 21:35:16--  https://64.media.tumblr.com/9dc28af82e6dd0fdb1ea20f76616fb56/b5fade9397547c06-c2/s1280x1920/1f34330f5f84b971bac2fc8ec7ab2fc928ab24e2.jpg
Resolving 64.media.tumblr.com (64.media.tumblr.com)... 192.0.77.3
Connecting to 64.media.tumblr.com (64.media.tumblr.com)|192.0.77.3|:443... connected.
HTTP request sent, awaiting response... 200 OK
Length: 734617 (717K) [image/jpeg]
Saving to: '1f34330f5f84b971bac2fc8ec7ab2fc928ab24e2.jpg'

     0K .......... .......... .......... .......... ..........  6% 3.13M 0s
    50K .......... .......... .......... .......... .......... 13% 6.89M 0s
   100K .......... .......... .......... .......... .......... 20% 6.18M 0s
   150K .......... .......... .......... .......... .......... 27% 9.75M 0s
   200K .......... .......... .......... .......... .......... 34% 11.0M 0s
   250K .......... .......... .......... .......... .......... 41% 15.3M 0s
   300K .......... .......... .......... .......... .......... 48% 28.9M 0s
   350K .......... .......... .......... .......... .......... 55% 14.3M 0s
   400K .......... .......... .......... .......... .......... 62% 20.9M 0s
   450K .......... .......... .......... .......... .......... 69% 21.0M 0s
   500K .......... .......... .......... .......... .......... 76% 22.1M 0s
   550K .......... .......... .......... .......... .......... 83% 15.3M 0s
   600K .......... .......... .......... .......... .......... 90% 24.2M 0s
   650K .......... .......... .......... .......... .......... 97% 23.7M 0s
   700K .......... .......                                    100% 27.8M=0.06s

2024-09-11 21:35:16 (11.1 MB/s) - '1f34330f5f84b971bac2fc8ec7ab2fc928ab24e2.jpg' saved [734617/734617]

--2024-09-11 21:35:16--  https://64.media.tumblr.com/b897f9f324784b8515e0244592b54260/b5fade9397547c06-d1/s1280x1920/d3a3b50094130d85782dab7382ef0a52217bad9d.jpg
Resolving 64.media.tumblr.com (64.media.tumblr.com)... 192.0.77.3
Connecting to 64.media.tumblr.com (64.media.tumblr.com)|192.0.77.3|:443... connected.
HTTP request sent, awaiting response... 200 OK
Length: 352505 (344K) [image/jpeg]
Saving to: 'd3a3b50094130d85782dab7382ef0a52217bad9d.jpg'

     0K .......... .......... .......... .......... .......... 14% 2.31M 0s
    50K .......... .......... .......... .......... .......... 29% 7.02M 0s
   100K .......... .......... .......... .......... .......... 43% 6.76M 0s
   150K .......... .......... .......... .......... .......... 58% 5.65M 0s
   200K .......... .......... .......... .......... .......... 72% 9.01M 0s
   250K .......... .......... .......... .......... .......... 87% 10.1M 0s
   300K .......... .......... .......... .......... ....      100% 9.23M=0.06s

2024-09-11 21:35:16 (5.71 MB/s) - 'd3a3b50094130d85782dab7382ef0a52217bad9d.jpg' saved [352505/352505]

--2024-09-11 21:35:17--  https://64.media.tumblr.com/0df5b068eb6c24c0cdc61d0383b4b1b5/b5fade9397547c06-3e/s1280x1920/a36178d950b36a0843ae53508855a7c9407ec54b.jpg
Resolving 64.media.tumblr.com (64.media.tumblr.com)... 192.0.77.3
Connecting to 64.media.tumblr.com (64.media.tumblr.com)|192.0.77.3|:443... connected.
HTTP request sent, awaiting response... 200 OK
Length: 590073 (576K) [image/jpeg]
Saving to: 'a36178d950b36a0843ae53508855a7c9407ec54b.jpg'

     0K .......... .......... .......... .......... ..........  8% 3.11M 0s
    50K .......... .......... .......... .......... .......... 17% 8.19M 0s
   100K .......... .......... .......... .......... .......... 26% 5.18M 0s
   150K .......... .......... .......... .......... .......... 34% 10.6M 0s
   200K .......... .......... .......... .......... .......... 43% 16.0M 0s
   250K .......... .......... .......... .......... .......... 52% 17.2M 0s
   300K .......... .......... .......... .......... .......... 60% 8.24M 0s
   350K .......... .......... .......... .......... .......... 69% 17.8M 0s
   400K .......... .......... .......... .......... .......... 78% 25.0M 0s
   450K .......... .......... .......... .......... .......... 86% 15.1M 0s
   500K .......... .......... .......... .......... .......... 95% 19.8M 0s
   550K .......... .......... ......                          100% 19.9M=0.06s

2024-09-11 21:35:17 (9.50 MB/s) - 'a36178d950b36a0843ae53508855a7c9407ec54b.jpg' saved [590073/590073]

--2024-09-11 21:35:17--  https://64.media.tumblr.com/b0164425e32d4ca2f0d1f76fe1b35f9f/b5fade9397547c06-39/s1280x1920/a715aaabd64f185740e91b28c9a3a465317e5634.jpg
Resolving 64.media.tumblr.com (64.media.tumblr.com)... 192.0.77.3
Connecting to 64.media.tumblr.com (64.media.tumblr.com)|192.0.77.3|:443... connected.
HTTP request sent, awaiting response... 200 OK
Length: 686720 (671K) [image/jpeg]
Saving to: 'a715aaabd64f185740e91b28c9a3a465317e5634.jpg'

     0K .......... .......... .......... .......... ..........  7% 2.98M 0s
    50K .......... .......... .......... .......... .......... 14% 8.25M 0s
   100K .......... .......... .......... .......... .......... 22% 6.37M 0s
   150K .......... .......... .......... .......... .......... 29% 9.96M 0s
   200K .......... .......... .......... .......... .......... 37% 11.6M 0s
   250K .......... .......... .......... .......... .......... 44% 15.1M 0s
   300K .......... .......... .......... .......... .......... 52% 22.9M 0s
   350K .......... .......... .......... .......... .......... 59% 29.1M 0s
   400K .......... .......... .......... .......... .......... 67% 27.5M 0s
   450K .......... .......... .......... .......... .......... 74% 25.2M 0s
   500K .......... .......... .......... .......... .......... 82% 30.6M 0s
   550K .......... .......... .......... .......... .......... 89% 35.0M 0s
   600K .......... .......... .......... .......... .......... 96% 28.4M 0s
   650K .......... ..........                                 100% 62.7M=0.05s

2024-09-11 21:35:17 (11.9 MB/s) - 'a715aaabd64f185740e91b28c9a3a465317e5634.jpg' saved [686720/686720]

--2024-09-11 21:35:17--  https://64.media.tumblr.com/c52261443a4eeed7124c3499342e50b8/b5fade9397547c06-9f/s1280x1920/8e41d7085f0e8ec77afc116113291d22d294d7b5.jpg
Resolving 64.media.tumblr.com (64.media.tumblr.com)... 192.0.77.3
Connecting to 64.media.tumblr.com (64.media.tumblr.com)|192.0.77.3|:443... connected.
HTTP request sent, awaiting response... 200 OK
Length: 665381 (650K) [image/jpeg]
Saving to: '8e41d7085f0e8ec77afc116113291d22d294d7b5.jpg'

     0K .......... .......... .......... .......... ..........  7% 2.48M 0s
    50K .......... .......... .......... .......... .......... 15% 6.62M 0s
   100K .......... .......... .......... .......... .......... 23% 6.93M 0s
   150K .......... .......... .......... .......... .......... 30% 7.42M 0s
   200K .......... .......... .......... .......... .......... 38% 10.1M 0s
   250K .......... .......... .......... .......... .......... 46% 12.9M 0s
   300K .......... .......... .......... .......... .......... 53% 14.1M 0s
   350K .......... .......... .......... .......... .......... 61% 13.4M 0s
   400K .......... .......... .......... .......... .......... 69% 16.9M 0s
   450K .......... .......... .......... .......... .......... 76% 16.0M 0s
   500K .......... .......... .......... .......... .......... 84% 19.0M 0s
   550K .......... .......... .......... .......... .......... 92% 14.9M 0s
   600K .......... .......... .......... .......... ......... 100% 16.5M=0.07s

2024-09-11 21:35:17 (8.91 MB/s) - '8e41d7085f0e8ec77afc116113291d22d294d7b5.jpg' saved [665381/665381]

--2024-09-11 21:35:17--  https://64.media.tumblr.com/790bfffa4d1916a3eb803966caa12ba5/b5fade9397547c06-38/s1280x1920/5ceb5987f3b9cc611d88112663ddb75fe1df9f52.jpg
Resolving 64.media.tumblr.com (64.media.tumblr.com)... 192.0.77.3
Connecting to 64.media.tumblr.com (64.media.tumblr.com)|192.0.77.3|:443... connected.
HTTP request sent, awaiting response... 200 OK
Length: 419097 (409K) [image/jpeg]
Saving to: '5ceb5987f3b9cc611d88112663ddb75fe1df9f52.jpg'

     0K .......... .......... .......... .......... .......... 12% 1.91M 0s
    50K .......... .......... .......... .......... .......... 24% 4.32M 0s
   100K .......... .......... .......... .......... .......... 36% 5.62M 0s
   150K .......... .......... .......... .......... .......... 48% 5.11M 0s
   200K .......... .......... .......... .......... .......... 61% 13.5M 0s
   250K .......... .......... .......... .......... .......... 73% 16.1M 0s
   300K .......... .......... .......... .......... .......... 85% 23.8M 0s
   350K .......... .......... .......... .......... .......... 97% 31.4M 0s
   400K .........                                             100% 39.8M=0.07s

2024-09-11 21:35:18 (6.10 MB/s) - '5ceb5987f3b9cc611d88112663ddb75fe1df9f52.jpg' saved [419097/419097]

DCT: 31
DCT: 36
DCT: 40
DCT: 49
DCT: 41
DCT: 41
DCT: 35
DCT: 53
DCT: 53
DCT: 52
DCT: 49
DCT: 57
DCT: 38
DCT: 37
DCT: 65
DCT: 50
DCT: 62
DCT: 43
DCT: 41
DCT: 63
DCT: 45
DCT: 47
DCT: 61
DCT: 45
DCT: 50
--2024-09-11 21:35:53--  https://64.media.tumblr.com/6730be23187014d3310271835897af2f/167e25a55a04f7cd-08/s1280x1920/66a5556e6de42e9df1257dd8c2b458a18f2ce640.jpg
Resolving 64.media.tumblr.com (64.media.tumblr.com)... 192.0.77.3
Connecting to 64.media.tumblr.com (64.media.tumblr.com)|192.0.77.3|:443... connected.
HTTP request sent, awaiting response... 200 OK
Length: 548680 (536K) [image/jpeg]
Saving to: '66a5556e6de42e9df1257dd8c2b458a18f2ce640.jpg'

     0K .......... .......... .......... .......... ..........  9% 2.52M 0s
    50K .......... .......... .......... .......... .......... 18% 6.73M 0s
   100K .......... .......... .......... .......... .......... 27% 6.86M 0s
   150K .......... .......... .......... .......... .......... 37% 7.01M 0s
   200K .......... .......... .......... .......... .......... 46% 10.9M 0s
   250K .......... .......... .......... .......... .......... 55% 14.3M 0s
   300K .......... .......... .......... .......... .......... 65% 14.2M 0s
   350K .......... .......... .......... .......... .......... 74% 11.6M 0s
   400K .......... .......... .......... .......... .......... 83% 11.6M 0s
   450K .......... .......... .......... .......... .......... 93% 12.6M 0s
   500K .......... .......... .......... .....                100% 10.8M=0.07s

2024-09-11 21:35:53 (7.75 MB/s) - '66a5556e6de42e9df1257dd8c2b458a18f2ce640.jpg' saved [548680/548680]

--2024-09-11 21:35:53--  https://64.media.tumblr.com/ec73565d68e1177b0cc08d47de6db5ff/167e25a55a04f7cd-cc/s1280x1920/a19ee6845692acd19613612e06417d6bfe2117ac.jpg
Resolving 64.media.tumblr.com (64.media.tumblr.com)... 192.0.77.3
Connecting to 64.media.tumblr.com (64.media.tumblr.com)|192.0.77.3|:443... connected.
HTTP request sent, awaiting response... 200 OK
Length: 853559 (834K) [image/jpeg]
Saving to: 'a19ee6845692acd19613612e06417d6bfe2117ac.jpg'

     0K .......... .......... .......... .......... ..........  5% 1.83M 0s
    50K .......... .......... .......... .......... .......... 11% 5.09M 0s
   100K .......... .......... .......... .......... .......... 17% 5.76M 0s
   150K .......... .......... .......... .......... .......... 23% 4.05M 0s
   200K .......... .......... .......... .......... .......... 29% 15.5M 0s
   250K .......... .......... .......... .......... .......... 35% 15.3M 0s
   300K .......... .......... .......... .......... .......... 41% 24.2M 0s
   350K .......... .......... .......... .......... .......... 47% 15.2M 0s
   400K .......... .......... .......... .......... .......... 53% 18.3M 0s
   450K .......... .......... .......... .......... .......... 59% 14.6M 0s
   500K .......... .......... .......... .......... .......... 65% 15.2M 0s
   550K .......... .......... .......... .......... .......... 71% 15.7M 0s
   600K .......... .......... .......... .......... .......... 77% 23.5M 0s
   650K .......... .......... .......... .......... .......... 83% 21.5M 0s
   700K .......... .......... .......... .......... .......... 89% 16.5M 0s
   750K .......... .......... .......... .......... .......... 95% 20.7M 0s
   800K .......... .......... .......... ...                  100% 22.2M=0.09s

2024-09-11 21:35:54 (8.86 MB/s) - 'a19ee6845692acd19613612e06417d6bfe2117ac.jpg' saved [853559/853559]

--2024-09-11 21:35:54--  https://64.media.tumblr.com/335ec01b9165b75535123851a6666e6b/167e25a55a04f7cd-26/s1280x1920/3ff708e45c7d5a390fef8d45069847afe6069cb2.jpg
Resolving 64.media.tumblr.com (64.media.tumblr.com)... 192.0.77.3
Connecting to 64.media.tumblr.com (64.media.tumblr.com)|192.0.77.3|:443... connected.
HTTP request sent, awaiting response... 200 OK
Length: 533941 (521K) [image/jpeg]
Saving to: '3ff708e45c7d5a390fef8d45069847afe6069cb2.jpg'

     0K .......... .......... .......... .......... ..........  9% 4.60M 0s
    50K .......... .......... .......... .......... .......... 19% 5.66M 0s
   100K .......... .......... .......... .......... .......... 28% 7.59M 0s
   150K .......... .......... .......... .......... .......... 38% 17.9M 0s
   200K .......... .......... .......... .......... .......... 47% 1.16M 0s
   250K .......... .......... .......... .......... .......... 57% 24.1M 0s
   300K .......... .......... .......... .......... .......... 67% 25.5M 0s
   350K .......... .......... .......... .......... .......... 76% 25.9M 0s
   400K .......... .......... .......... .......... .......... 86% 41.4M 0s
   450K .......... .......... .......... .......... .......... 95% 34.6M 0s
   500K .......... .......... .                               100% 20.0M=0.08s

2024-09-11 21:35:54 (6.36 MB/s) - '3ff708e45c7d5a390fef8d45069847afe6069cb2.jpg' saved [533941/533941]

--2024-09-11 21:35:54--  https://64.media.tumblr.com/e3e91f23fbd807dfb3b95e4adbec9074/167e25a55a04f7cd-e5/s1280x1920/e97f36ed95e33e6e419fe7923cda1955bcc029b7.jpg
Resolving 64.media.tumblr.com (64.media.tumblr.com)... 192.0.77.3
Connecting to 64.media.tumblr.com (64.media.tumblr.com)|192.0.77.3|:443... connected.
HTTP request sent, awaiting response... 200 OK
Length: 744622 (727K) [image/jpeg]
Saving to: 'e97f36ed95e33e6e419fe7923cda1955bcc029b7.jpg'

     0K .......... .......... .......... .......... ..........  6% 1.68M 0s
    50K .......... .......... .......... .......... .......... 13% 4.75M 0s
   100K .......... .......... .......... .......... .......... 20% 4.87M 0s
   150K .......... .......... .......... .......... .......... 27% 5.76M 0s
   200K .......... .......... .......... .......... .......... 34% 7.17M 0s
   250K .......... .......... .......... .......... .......... 41% 12.2M 0s
   300K .......... .......... .......... .......... .......... 48% 12.8M 0s
   350K .......... .......... .......... .......... .......... 55% 12.3M 0s
   400K .......... .......... .......... .......... .......... 61% 13.5M 0s
   450K .......... .......... .......... .......... .......... 68% 13.6M 0s
   500K .......... .......... .......... .......... .......... 75% 9.55M 0s
   550K .......... .......... .......... .......... .......... 82% 13.2M 0s
   600K .......... .......... .......... .......... .......... 89% 15.1M 0s
   650K .......... .......... .......... .......... .......... 96% 10.8M 0s
   700K .......... .......... .......                         100% 17.0M=0.1s

2024-09-11 21:35:54 (6.98 MB/s) - 'e97f36ed95e33e6e419fe7923cda1955bcc029b7.jpg' saved [744622/744622]

--2024-09-11 21:35:55--  https://64.media.tumblr.com/6ac3a0d048dcd18562c15ac9080165d3/167e25a55a04f7cd-d8/s1280x1920/e37167b40d4be2d098513034403522aeb0d0218b.jpg
Resolving 64.media.tumblr.com (64.media.tumblr.com)... 192.0.77.3
Connecting to 64.media.tumblr.com (64.media.tumblr.com)|192.0.77.3|:443... connected.
HTTP request sent, awaiting response... 200 OK
Length: 365954 (357K) [image/jpeg]
Saving to: 'e37167b40d4be2d098513034403522aeb0d0218b.jpg'

     0K .......... .......... .......... .......... .......... 13% 2.12M 0s
    50K .......... .......... .......... .......... .......... 27% 7.49M 0s
   100K .......... .......... .......... .......... .......... 41% 11.7M 0s
   150K .......... .......... .......... .......... .......... 55% 8.30M 0s
   200K .......... .......... .......... .......... .......... 69% 21.5M 0s
   250K .......... .......... .......... .......... .......... 83% 28.3M 0s
   300K .......... .......... .......... .......... .......... 97% 36.7M 0s
   350K .......                                               100%  141G=0.04s

2024-09-11 21:35:55 (7.77 MB/s) - 'e37167b40d4be2d098513034403522aeb0d0218b.jpg' saved [365954/365954]

--2024-09-11 21:35:55--  https://64.media.tumblr.com/83090dd4f80f1e2b59353c2caf199a11/167e25a55a04f7cd-69/s1280x1920/0cb03a626df4ceb585c3c56dee625fa5284f8c59.jpg
Resolving 64.media.tumblr.com (64.media.tumblr.com)... 192.0.77.3
Connecting to 64.media.tumblr.com (64.media.tumblr.com)|192.0.77.3|:443... connected.
HTTP request sent, awaiting response... 200 OK
Length: 352896 (345K) [image/jpeg]
Saving to: '0cb03a626df4ceb585c3c56dee625fa5284f8c59.jpg'

     0K .......... .......... .......... .......... .......... 14% 3.54M 0s
    50K .......... .......... .......... .......... .......... 29% 5.06M 0s
   100K .......... .......... .......... .......... .......... 43% 6.79M 0s
   150K .......... .......... .......... .......... .......... 58% 10.1M 0s
   200K .......... .......... .......... .......... .......... 72% 12.2M 0s
   250K .......... .......... .......... .......... .......... 87% 28.4M 0s
   300K .......... .......... .......... .......... ....      100% 28.9M=0.04s

2024-09-11 21:35:55 (7.88 MB/s) - '0cb03a626df4ceb585c3c56dee625fa5284f8c59.jpg' saved [352896/352896]

--2024-09-11 21:35:55--  https://64.media.tumblr.com/335da8798a9c00dd730c9864fd855248/167e25a55a04f7cd-39/s1280x1920/583068f57abf3744a5283151064de2fd7a42ed62.jpg
Resolving 64.media.tumblr.com (64.media.tumblr.com)... 192.0.77.3
Connecting to 64.media.tumblr.com (64.media.tumblr.com)|192.0.77.3|:443... connected.
HTTP request sent, awaiting response... 200 OK
Length: 504731 (493K) [image/jpeg]
Saving to: '583068f57abf3744a5283151064de2fd7a42ed62.jpg'

     0K .......... .......... .......... .......... .......... 10% 3.79M 0s
    50K .......... .......... .......... .......... .......... 20% 5.70M 0s
   100K .......... .......... .......... .......... .......... 30% 7.01M 0s
   150K .......... .......... .......... .......... .......... 40% 18.5M 0s
   200K .......... .......... .......... .......... .......... 50% 6.70M 0s
   250K .......... .......... .......... .......... .......... 60% 27.5M 0s
   300K .......... .......... .......... .......... .......... 71% 20.4M 0s
   350K .......... .......... .......... .......... .......... 81% 23.4M 0s
   400K .......... .......... .......... .......... .......... 91% 11.8M 0s
   450K .......... .......... .......... .......... ..        100% 25.3M=0.05s

2024-09-11 21:35:55 (9.56 MB/s) - '583068f57abf3744a5283151064de2fd7a42ed62.jpg' saved [504731/504731]

--2024-09-11 21:35:56--  https://64.media.tumblr.com/61a28e3b390034e8bfe007ed6bfc1b90/167e25a55a04f7cd-7b/s1280x1920/68db1d105347a39cc9a21d648447f5df1f8f946a.jpg
Resolving 64.media.tumblr.com (64.media.tumblr.com)... 192.0.77.3
Connecting to 64.media.tumblr.com (64.media.tumblr.com)|192.0.77.3|:443... connected.
HTTP request sent, awaiting response... 200 OK
Length: 421104 (411K) [image/jpeg]
Saving to: '68db1d105347a39cc9a21d648447f5df1f8f946a.jpg'

     0K .......... .......... .......... .......... .......... 12% 2.24M 0s
    50K .......... .......... .......... .......... .......... 24% 6.98M 0s
   100K .......... .......... .......... .......... .......... 36% 7.28M 0s
   150K .......... .......... .......... .......... .......... 48% 8.52M 0s
   200K .......... .......... .......... .......... .......... 60% 13.9M 0s
   250K .......... .......... .......... .......... .......... 72% 23.4M 0s
   300K .......... .......... .......... .......... .......... 85% 31.6M 0s
   350K .......... .......... .......... .......... .......... 97% 41.3M 0s
   400K .......... .                                          100% 42.1M=0.05s

2024-09-11 21:35:56 (8.05 MB/s) - '68db1d105347a39cc9a21d648447f5df1f8f946a.jpg' saved [421104/421104]

--2024-09-11 21:35:56--  https://64.media.tumblr.com/cd44428ed8978a9347581fe0a257c47c/167e25a55a04f7cd-cf/s1280x1920/d8278209c482db22472892029b32c9cb6dc12cb2.jpg
Resolving 64.media.tumblr.com (64.media.tumblr.com)... 192.0.77.3
Connecting to 64.media.tumblr.com (64.media.tumblr.com)|192.0.77.3|:443... connected.
HTTP request sent, awaiting response... 200 OK
Length: 436708 (426K) [image/jpeg]
Saving to: 'd8278209c482db22472892029b32c9cb6dc12cb2.jpg'

     0K .......... .......... .......... .......... .......... 11% 1.63M 0s
    50K .......... .......... .......... .......... .......... 23% 4.92M 0s
   100K .......... .......... .......... .......... .......... 35% 5.28M 0s
   150K .......... .......... .......... .......... .......... 46% 5.61M 0s
   200K .......... .......... .......... .......... .......... 58% 11.5M 0s
   250K .......... .......... .......... .......... .......... 70% 9.74M 0s
   300K .......... .......... .......... .......... .......... 82% 14.5M 0s
   350K .......... .......... .......... .......... .......... 93% 15.4M 0s
   400K .......... .......... ......                          100% 15.8M=0.08s

2024-09-11 21:35:56 (5.54 MB/s) - 'd8278209c482db22472892029b32c9cb6dc12cb2.jpg' saved [436708/436708]

--2024-09-11 21:35:56--  https://64.media.tumblr.com/fa60ed6bec360af9e9daeeb9d23ab16b/167e25a55a04f7cd-fc/s1280x1920/b021e808c729636ac0955df3d01f364cb160c933.jpg
Resolving 64.media.tumblr.com (64.media.tumblr.com)... 192.0.77.3
Connecting to 64.media.tumblr.com (64.media.tumblr.com)|192.0.77.3|:443... connected.
HTTP request sent, awaiting response... 200 OK
Length: 649163 (634K) [image/jpeg]
Saving to: 'b021e808c729636ac0955df3d01f364cb160c933.jpg'

     0K .......... .......... .......... .......... ..........  7% 2.18M 0s
    50K .......... .......... .......... .......... .......... 15% 4.36M 0s
   100K .......... .......... .......... .......... .......... 23% 5.47M 0s
   150K .......... .......... .......... .......... .......... 31% 7.52M 0s
   200K .......... .......... .......... .......... .......... 39% 7.63M 0s
   250K .......... .......... .......... .......... .......... 47% 10.8M 0s
   300K .......... .......... .......... .......... .......... 55% 9.85M 0s
   350K .......... .......... .......... .......... .......... 63% 9.93M 0s
   400K .......... .......... .......... .......... .......... 70% 9.96M 0s
   450K .......... .......... .......... .......... .......... 78% 9.57M 0s
   500K .......... .......... .......... .......... .......... 86% 9.96M 0s
   550K .......... .......... .......... .......... .......... 94% 8.14M 0s
   600K .......... .......... .......... ...                  100% 13.4M=0.09s

2024-09-11 21:35:56 (6.64 MB/s) - 'b021e808c729636ac0955df3d01f364cb160c933.jpg' saved [649163/649163]

--2024-09-11 21:35:56--  https://64.media.tumblr.com/179ed1a513b12dad70e8a6eab6cad0ba/167e25a55a04f7cd-ff/s1280x1920/36121e91300e9e044dbe31a12131cab1b1babe5b.jpg
Resolving 64.media.tumblr.com (64.media.tumblr.com)... 192.0.77.3
Connecting to 64.media.tumblr.com (64.media.tumblr.com)|192.0.77.3|:443... connected.
HTTP request sent, awaiting response... 200 OK
Length: 383281 (374K) [image/jpeg]
Saving to: '36121e91300e9e044dbe31a12131cab1b1babe5b.jpg'

     0K .......... .......... .......... .......... .......... 13% 2.65M 0s
    50K .......... .......... .......... .......... .......... 26% 9.31M 0s
   100K .......... .......... .......... .......... .......... 40% 7.07M 0s
   150K .......... .......... .......... .......... .......... 53% 9.48M 0s
   200K .......... .......... .......... .......... .......... 66% 13.5M 0s
   250K .......... .......... .......... .......... .......... 80% 26.5M 0s
   300K .......... .......... .......... .......... .......... 93% 34.8M 0s
   350K .......... .......... ....                            100% 28.0M=0.04s

2024-09-11 21:35:57 (8.42 MB/s) - '36121e91300e9e044dbe31a12131cab1b1babe5b.jpg' saved [383281/383281]

--2024-09-11 21:35:57--  https://64.media.tumblr.com/e11df6b2b62dfbafcec7e340bd28e72a/167e25a55a04f7cd-07/s1280x1920/f050177ccd4be90bed3442ee528fa2d1e8615f94.jpg
Resolving 64.media.tumblr.com (64.media.tumblr.com)... 192.0.77.3
Connecting to 64.media.tumblr.com (64.media.tumblr.com)|192.0.77.3|:443... connected.
HTTP request sent, awaiting response... 200 OK
Length: 659848 (644K) [image/jpeg]
Saving to: 'f050177ccd4be90bed3442ee528fa2d1e8615f94.jpg'

     0K .......... .......... .......... .......... ..........  7% 3.54M 0s
    50K .......... .......... .......... .......... .......... 15% 4.83M 0s
   100K .......... .......... .......... .......... .......... 23% 7.38M 0s
   150K .......... .......... .......... .......... .......... 31% 13.1M 0s
   200K .......... .......... .......... .......... .......... 38% 8.31M 0s
   250K .......... .......... .......... .......... .......... 46% 24.9M 0s
   300K .......... .......... .......... .......... .......... 54% 24.7M 0s
   350K .......... .......... .......... .......... .......... 62% 8.71M 0s
   400K .......... .......... .......... .......... .......... 69% 28.1M 0s
   450K .......... .......... .......... .......... .......... 77% 26.0M 0s
   500K .......... .......... .......... .......... .......... 85% 33.1M 0s
   550K .......... .......... .......... .......... .......... 93% 14.0M 0s
   600K .......... .......... .......... .......... ....      100% 48.2M=0.06s

2024-09-11 21:35:57 (10.6 MB/s) - 'f050177ccd4be90bed3442ee528fa2d1e8615f94.jpg' saved [659848/659848]

--2024-09-11 21:35:57--  https://64.media.tumblr.com/b019f5eb8db62e21738cb3cf744e3e51/167e25a55a04f7cd-fb/s1280x1920/1f022e5df5a7439f6e466728897f20163b64f5a4.jpg
Resolving 64.media.tumblr.com (64.media.tumblr.com)... 192.0.77.3
Connecting to 64.media.tumblr.com (64.media.tumblr.com)|192.0.77.3|:443... connected.
HTTP request sent, awaiting response... 200 OK
Length: 512652 (501K) [image/jpeg]
Saving to: '1f022e5df5a7439f6e466728897f20163b64f5a4.jpg'

     0K .......... .......... .......... .......... ..........  9% 3.59M 0s
    50K .......... .......... .......... .......... .......... 19% 5.19M 0s
   100K .......... .......... .......... .......... .......... 29% 7.01M 0s
   150K .......... .......... .......... .......... .......... 39% 13.5M 0s
   200K .......... .......... .......... .......... .......... 49% 9.23M 0s
   250K .......... .......... .......... .......... .......... 59% 22.1M 0s
   300K .......... .......... .......... .......... .......... 69% 19.2M 0s
   350K .......... .......... .......... .......... .......... 79% 7.51M 0s
   400K .......... .......... .......... .......... .......... 89% 53.4M 0s
   450K .......... .......... .......... .......... .......... 99% 43.0M 0s
   500K                                                       100% 12.1G=0.05s

2024-09-11 21:35:57 (9.37 MB/s) - '1f022e5df5a7439f6e466728897f20163b64f5a4.jpg' saved [512652/512652]

--2024-09-11 21:35:57--  https://64.media.tumblr.com/887622bc49c82476821162fab283aa04/167e25a55a04f7cd-1d/s1280x1920/fcc17d5d486ad53ed49a7febbfb9d8ac7a75e0fc.jpg
Resolving 64.media.tumblr.com (64.media.tumblr.com)... 192.0.77.3
Connecting to 64.media.tumblr.com (64.media.tumblr.com)|192.0.77.3|:443... connected.
HTTP request sent, awaiting response... 200 OK
Length: 446011 (436K) [image/jpeg]
Saving to: 'fcc17d5d486ad53ed49a7febbfb9d8ac7a75e0fc.jpg'

     0K .......... .......... .......... .......... .......... 11% 3.55M 0s
    50K .......... .......... .......... .......... .......... 22% 5.48M 0s
   100K .......... .......... .......... .......... .......... 34% 7.97M 0s
   150K .......... .......... .......... .......... .......... 45% 17.7M 0s
   200K .......... .......... .......... .......... .......... 57% 18.8M 0s
   250K .......... .......... .......... .......... .......... 68% 9.47M 0s
   300K .......... .......... .......... .......... .......... 80% 31.8M 0s
   350K .......... .......... .......... .......... .......... 91% 20.2M 0s
   400K .......... .......... .......... .....                100% 6.96M=0.05s

2024-09-11 21:35:57 (8.82 MB/s) - 'fcc17d5d486ad53ed49a7febbfb9d8ac7a75e0fc.jpg' saved [446011/446011]

--2024-09-11 21:35:58--  https://64.media.tumblr.com/24621a0c30781255e127f7cb0dcfbc3e/167e25a55a04f7cd-f5/s1280x1920/9cdfced4066af31094b8d7dd16846e3d27e309e2.jpg
Resolving 64.media.tumblr.com (64.media.tumblr.com)... 192.0.77.3
Connecting to 64.media.tumblr.com (64.media.tumblr.com)|192.0.77.3|:443... connected.
HTTP request sent, awaiting response... 200 OK
Length: 439251 (429K) [image/jpeg]
Saving to: '9cdfced4066af31094b8d7dd16846e3d27e309e2.jpg'

     0K .......... .......... .......... .......... .......... 11% 3.74M 0s
    50K .......... .......... .......... .......... .......... 23% 5.62M 0s
   100K .......... .......... .......... .......... .......... 34% 6.82M 0s
   150K .......... .......... .......... .......... .......... 46% 16.7M 0s
   200K .......... .......... .......... .......... .......... 58% 6.36M 0s
   250K .......... .......... .......... .......... .......... 69% 29.3M 0s
   300K .......... .......... .......... .......... .......... 81% 31.4M 0s
   350K .......... .......... .......... .......... .......... 93% 30.6M 0s
   400K .......... .......... ........                        100% 7.32M=0.05s

2024-09-11 21:35:58 (8.70 MB/s) - '9cdfced4066af31094b8d7dd16846e3d27e309e2.jpg' saved [439251/439251]

DCT: 78
DCT: 53
DCT: 50
DCT: 44
DCT: 64
DCT: 47
DCT: 46
DCT: 80
DCT: 39
DCT: 37
DCT: 42
DCT: 42
DCT: 59
DCT: 35
DCT: 69
--2024-09-11 21:36:20--  https://64.media.tumblr.com/e6ad0ac3ba4decbe693d147bda4b62a1/782825d2015ec95d-7d/s1280x1920/a59e207690836399d1ab630333b193cebd807a8c.jpg
Resolving 64.media.tumblr.com (64.media.tumblr.com)... 192.0.77.3
Connecting to 64.media.tumblr.com (64.media.tumblr.com)|192.0.77.3|:443... connected.
HTTP request sent, awaiting response... 200 OK
Length: 544694 (532K) [image/jpeg]
Saving to: 'a59e207690836399d1ab630333b193cebd807a8c.jpg'

     0K .......... .......... .......... .......... ..........  9% 2.98M 0s
    50K .......... .......... .......... .......... .......... 18% 6.46M 0s
   100K .......... .......... .......... .......... .......... 28% 8.87M 0s
   150K .......... .......... .......... .......... .......... 37% 11.9M 0s
   200K .......... .......... .......... .......... .......... 46% 11.0M 0s
   250K .......... .......... .......... .......... .......... 56% 34.5M 0s
   300K .......... .......... .......... .......... .......... 65% 26.6M 0s
   350K .......... .......... .......... .......... .......... 75% 6.89M 0s
   400K .......... .......... .......... .......... .......... 84% 35.8M 0s
   450K .......... .......... .......... .......... .......... 93% 28.8M 0s
   500K .......... .......... .......... .                    100% 27.5M=0.05s

2024-09-11 21:36:20 (9.89 MB/s) - 'a59e207690836399d1ab630333b193cebd807a8c.jpg' saved [544694/544694]

--2024-09-11 21:36:20--  https://64.media.tumblr.com/8710467e406321b2708d3ebe81936094/782825d2015ec95d-8e/s1280x1920/461bdfd1f2cc137deb1ca8885f5a037ca28c6790.jpg
Resolving 64.media.tumblr.com (64.media.tumblr.com)... 192.0.77.3
Connecting to 64.media.tumblr.com (64.media.tumblr.com)|192.0.77.3|:443... connected.
HTTP request sent, awaiting response... 200 OK
Length: 655775 (640K) [image/jpeg]
Saving to: '461bdfd1f2cc137deb1ca8885f5a037ca28c6790.jpg'

     0K .......... .......... .......... .......... ..........  7% 3.08M 0s
    50K .......... .......... .......... .......... .......... 15% 5.86M 0s
   100K .......... .......... .......... .......... .......... 23% 5.61M 0s
   150K .......... .......... .......... .......... .......... 31% 13.3M 0s
   200K .......... .......... .......... .......... .......... 39% 11.9M 0s
   250K .......... .......... .......... .......... .......... 46% 4.94M 0s
   300K .......... .......... .......... .......... .......... 54% 26.1M 0s
   350K .......... .......... .......... .......... .......... 62% 22.2M 0s
   400K .......... .......... .......... .......... .......... 70% 16.7M 0s
   450K .......... .......... .......... .......... .......... 78% 18.5M 0s
   500K .......... .......... .......... .......... .......... 85% 19.9M 0s
   550K .......... .......... .......... .......... .......... 93% 8.45M 0s
   600K .......... .......... .......... ..........           100% 21.8M=0.07s

2024-09-11 21:36:21 (8.90 MB/s) - '461bdfd1f2cc137deb1ca8885f5a037ca28c6790.jpg' saved [655775/655775]

--2024-09-11 21:36:21--  https://64.media.tumblr.com/76938f4c69b7c2e716d6b8b67b11299b/782825d2015ec95d-ca/s1280x1920/0875239b9ae496873f84058f209ce94c49551357.jpg
Resolving 64.media.tumblr.com (64.media.tumblr.com)... 192.0.77.3
Connecting to 64.media.tumblr.com (64.media.tumblr.com)|192.0.77.3|:443... connected.
HTTP request sent, awaiting response... 200 OK
Length: 801719 (783K) [image/jpeg]
Saving to: '0875239b9ae496873f84058f209ce94c49551357.jpg'

     0K .......... .......... .......... .......... ..........  6% 2.82M 0s
    50K .......... .......... .......... .......... .......... 12% 8.70M 0s
   100K .......... .......... .......... .......... .......... 19% 8.12M 0s
   150K .......... .......... .......... .......... .......... 25% 7.82M 0s
   200K .......... .......... .......... .......... .......... 31% 12.5M 0s
   250K .......... .......... .......... .......... .......... 38% 12.8M 0s
   300K .......... .......... .......... .......... .......... 44% 13.3M 0s
   350K .......... .......... .......... .......... .......... 51% 12.2M 0s
   400K .......... .......... .......... .......... .......... 57% 13.8M 0s
   450K .......... .......... .......... .......... .......... 63% 19.5M 0s
   500K .......... .......... .......... .......... .......... 70% 13.7M 0s
   550K .......... .......... .......... .......... .......... 76% 10.4M 0s
   600K .......... .......... .......... .......... .......... 83% 11.1M 0s
   650K .......... .......... .......... .......... .......... 89% 15.6M 0s
   700K .......... .......... .......... .......... .......... 95% 13.3M 0s
   750K .......... .......... .......... ..                   100% 10.6M=0.08s

2024-09-11 21:36:21 (9.66 MB/s) - '0875239b9ae496873f84058f209ce94c49551357.jpg' saved [801719/801719]

--2024-09-11 21:36:21--  https://64.media.tumblr.com/c6ab3a6635ef8db3855464513cd76e15/782825d2015ec95d-67/s1280x1920/6c05cd3aaa8279144d6fbccc2555ea28790d51a2.jpg
Resolving 64.media.tumblr.com (64.media.tumblr.com)... 192.0.77.3
Connecting to 64.media.tumblr.com (64.media.tumblr.com)|192.0.77.3|:443... connected.
HTTP request sent, awaiting response... 200 OK
Length: 561324 (548K) [image/jpeg]
Saving to: '6c05cd3aaa8279144d6fbccc2555ea28790d51a2.jpg'

     0K .......... .......... .......... .......... ..........  9% 2.63M 0s
    50K .......... .......... .......... .......... .......... 18% 3.83M 0s
   100K .......... .......... .......... .......... .......... 27% 7.47M 0s
   150K .......... .......... .......... .......... .......... 36% 16.6M 0s
   200K .......... .......... .......... .......... .......... 45% 25.1M 0s
   250K .......... .......... .......... .......... .......... 54% 12.0M 0s
   300K .......... .......... .......... .......... .......... 63% 19.2M 0s
   350K .......... .......... .......... .......... .......... 72% 12.3M 0s
   400K .......... .......... .......... .......... .......... 82% 32.1M 0s
   450K .......... .......... .......... .......... .......... 91% 26.6M 0s
   500K .......... .......... .......... .......... ........  100% 24.4M=0.06s

2024-09-11 21:36:21 (9.14 MB/s) - '6c05cd3aaa8279144d6fbccc2555ea28790d51a2.jpg' saved [561324/561324]

DCT: 43
DCT: 61
DCT: 42
DCT: 37
--2024-09-11 21:36:27--  https://64.media.tumblr.com/0a3594a12b63ba488c31ad5f966e06c9/aaa51b7de31d2b3a-0b/s1280x1920/86eddca7983cd329811adb7f6b2456cc83664b32.jpg
Resolving 64.media.tumblr.com (64.media.tumblr.com)... 192.0.77.3
Connecting to 64.media.tumblr.com (64.media.tumblr.com)|192.0.77.3|:443... connected.
HTTP request sent, awaiting response... 200 OK
Length: 369587 (361K) [image/jpeg]
Saving to: '86eddca7983cd329811adb7f6b2456cc83664b32.jpg'

     0K .......... .......... .......... .......... .......... 13% 2.82M 0s
    50K .......... .......... .......... .......... .......... 27% 9.15M 0s
   100K .......... .......... .......... .......... .......... 41% 6.48M 0s
   150K .......... .......... .......... .......... .......... 55% 16.4M 0s
   200K .......... .......... .......... .......... .......... 69% 7.16M 0s
   250K .......... .......... .......... .......... .......... 83% 18.1M 0s
   300K .......... .......... .......... .......... .......... 96% 24.3M 0s
   350K ..........                                            100% 23.3M=0.05s

2024-09-11 21:36:27 (7.81 MB/s) - '86eddca7983cd329811adb7f6b2456cc83664b32.jpg' saved [369587/369587]

DCT: 46
Done processing posts published since the last known post.

Job completed in 3 minutes
75 images were downloaded. Out of those 44 high-res images were grabbed from the high-res folder
0 videos were downloaded. Out of those 0 original videos were grabbed from the high-res folder
0 audio files were downloaded. Out of those 0 original audio files were grabbed from the high-res folder
0 text posts were downloaded
75 total items downloaded
